Using pre-set license
Built from '2020.2/release' branch; Version is '2020.2.1f1 (270dd8c3da1c) revision 2559448'; Using compiler version '192528614'; Build Type 'Release'
OS: 'Windows 10  (10.0.0) 64bit' Language: 'en' Physical Memory: 32702 MB
BatchMode: 1, IsHumanControllingUs: 0, StartBugReporterOnCrash: 0, Is64bit: 1, IsPro: 0

 COMMAND LINE ARGUMENTS:
D:\Program Files\Unity\2020.2.1f1\Editor\Unity.exe
-adb2
-batchMode
-noUpm
-name
AssetImportWorker1
-projectPath
F:/Unity/looterShooter/TopDownLooterShooter GitHub/TDLS-Game/Top Down LooterShooter
-logFile
Logs/AssetImportWorker1.log
-srvPort
60353
Successfully changed project path to: F:/Unity/looterShooter/TopDownLooterShooter GitHub/TDLS-Game/Top Down LooterShooter
F:/Unity/looterShooter/TopDownLooterShooter GitHub/TDLS-Game/Top Down LooterShooter
Using Asset Import Pipeline V2.
Refreshing native plugins compatible for Editor in 67.51 ms, found 1 plugins.
Preloading 0 native plugins for Editor in 0.00 ms.
Initialize engine version: 2020.2.1f1 (270dd8c3da1c)
[Subsystems] Discovering subsystems at path D:/Program Files/Unity/2020.2.1f1/Editor/Data/Resources/UnitySubsystems
[Subsystems] Discovering subsystems at path F:/Unity/looterShooter/TopDownLooterShooter GitHub/TDLS-Game/Top Down LooterShooter/Assets
GfxDevice: creating device client; threaded=0
Direct3D:
    Version:  Direct3D 11.0 [level 11.1]
    Renderer: NVIDIA GeForce GTX 1080 (ID=0x1b80)
    Vendor:   
    VRAM:     8079 MB
    Driver:   30.0.15.1215
Shader 'Universal Render Pipeline/Particles/Lit': fallback shader 'Universal Render Pipeline/Particles/SimpleLit' not found
Initialize mono
Mono path[0] = 'D:/Program Files/Unity/2020.2.1f1/Editor/Data/Managed'
Mono path[1] = 'D:/Program Files/Unity/2020.2.1f1/Editor/Data/MonoBleedingEdge/lib/mono/unityjit'
Mono config path = 'D:/Program Files/Unity/2020.2.1f1/Editor/Data/MonoBleedingEdge/etc'
Using monoOptions --debugger-agent=transport=dt_socket,embedding=1,server=y,suspend=n,address=127.0.0.1:56192
Begin MonoManager ReloadAssembly
Registering precompiled unity dll's ...
Register platform support module: D:/Program Files/Unity/2020.2.1f1/Editor/Data/PlaybackEngines/WindowsStandaloneSupport/UnityEditor.WindowsStandalone.Extensions.dll
Registered in 0.001105 seconds.
Native extension for WindowsStandalone target not found
Refreshing native plugins compatible for Editor in 61.13 ms, found 1 plugins.
Preloading 0 native plugins for Editor in 0.00 ms.
Invoked RoslynAnalysisRunner static constructor.
RoslynAnalysisRunner will not be running.
RoslynAnalysisRunner has terminated.
Mono: successfully reloaded assembly
- Completed reload, in  2.467 seconds
Platform modules already initialized, skipping
Registering precompiled user dll's ...
Registered in 0.002260 seconds.
Begin MonoManager ReloadAssembly
Native extension for WindowsStandalone target not found
Refreshing native plugins compatible for Editor in 65.59 ms, found 1 plugins.
Preloading 0 native plugins for Editor in 0.00 ms.
Can't find custom attr constructor image: F:\Unity\looterShooter\TopDownLooterShooter GitHub\TDLS-Game\Top Down LooterShooter\Library\PackageCache\com.unity.ads@3.4.1\Editor\UnityEditor.Advertisements.dll mtoken: 0x0a00000f due to:  assembly:D:\Program Files\Unity\2020.2.1f1\Editor\Data\Managed\UnityEngine\UnityEngine.CoreModule.dll type:UnityAPICompatibilityVersionAttribute member:void {0}(string,string[]) signature:.ctor
Invoked RoslynAnalysisRunner static constructor.
RoslynAnalysisRunner will not be running.
RoslynAnalysisRunner has terminated.
Mono: successfully reloaded assembly
- Completed reload, in  0.999 seconds
Platform modules already initialized, skipping
========================================================================
Worker process is ready to serve import requests
Shader 'Universal Render Pipeline/Particles/Lit': fallback shader 'Universal Render Pipeline/Particles/SimpleLit' not found
Launched and connected shader compiler UnityShaderCompiler.exe after 0.07 seconds
Refreshing native plugins compatible for Editor in 0.76 ms, found 1 plugins.
Preloading 0 native plugins for Editor in 0.00 ms.
Unloading 3503 Unused Serialized files (Serialized files now loaded: 0)
System memory in use before: 165.9 MB.
System memory in use after: 166.1 MB.

Unloading 39 unused Assets to reduce memory usage. Loaded Objects now: 3956.
Total: 2.319700 ms (FindLiveObjects: 0.329600 ms CreateObjectMapping: 0.189700 ms MarkObjects: 1.772900 ms  DeleteObjects: 0.026500 ms)

========================================================================
Received Import Request.
  path: Assets/Free Sprites lol/Weapons/Winchester1873.png
  artifactKey: Guid(7fffe767a5868f044a27b2cadc8f914c) Importer(815301076,1909f56bfc062723c751e8b465ee728b)
Start importing Assets/Free Sprites lol/Weapons/Winchester1873.png using Guid(7fffe767a5868f044a27b2cadc8f914c) Importer(815301076,1909f56bfc062723c751e8b465ee728b)  -> (artifact id: 'f8b0282ca5362fd4da215369cce27e79') in 0.117118 seconds
  Import took 0.123467 seconds .

========================================================================
Received Import Request.
  Time since last request: 0.000291 seconds.
  path: Assets/Weps/Heavy Pistol.prefab
  artifactKey: Guid(f7f881a9b86ad3b458b2e948e634e7ce) Importer(815301076,1909f56bfc062723c751e8b465ee728b)
Start importing Assets/Weps/Heavy Pistol.prefab using Guid(f7f881a9b86ad3b458b2e948e634e7ce) Importer(815301076,1909f56bfc062723c751e8b465ee728b)  -> (artifact id: 'b93adcf519fe1702db8874036e883372') in 0.135988 seconds
  Import took 0.142267 seconds .

========================================================================
Received Import Request.
  Time since last request: 0.000199 seconds.
  path: Assets/Free Sprites lol/Weapons/uziG.png
  artifactKey: Guid(52850ef888d06144782771c7a512c5c6) Importer(815301076,1909f56bfc062723c751e8b465ee728b)
Start importing Assets/Free Sprites lol/Weapons/uziG.png using Guid(52850ef888d06144782771c7a512c5c6) Importer(815301076,1909f56bfc062723c751e8b465ee728b)  -> (artifact id: '3931350a7825fb96c6210b931f7d9f1d') in 0.008270 seconds
  Import took 0.014062 seconds .

========================================================================
Received Import Request.
  Time since last request: 0.000190 seconds.
  path: Assets/Free Sprites lol/Weapons/ThombsonSMG.png
  artifactKey: Guid(c8b608a20957ef942b3b7fdab547a996) Importer(815301076,1909f56bfc062723c751e8b465ee728b)
Start importing Assets/Free Sprites lol/Weapons/ThombsonSMG.png using Guid(c8b608a20957ef942b3b7fdab547a996) Importer(815301076,1909f56bfc062723c751e8b465ee728b)  -> (artifact id: 'c7177daed689cdde7a8c1c5763806d60') in 0.006459 seconds
  Import took 0.011301 seconds .

========================================================================
Received Import Request.
  Time since last request: 0.000324 seconds.
  path: Assets/Free Sprites lol/Weapons/uziGhand.png
  artifactKey: Guid(babc0203b2132bd499d83e9b2ac27242) Importer(815301076,1909f56bfc062723c751e8b465ee728b)
Start importing Assets/Free Sprites lol/Weapons/uziGhand.png using Guid(babc0203b2132bd499d83e9b2ac27242) Importer(815301076,1909f56bfc062723c751e8b465ee728b)  -> (artifact id: '40e802357f5d272e6653ce43c9e5a611') in 0.008889 seconds
  Import took 0.014640 seconds .

========================================================================
Received Import Request.
  Time since last request: 0.000192 seconds.
  path: Assets/Free Sprites lol/Weapons/WaltherP38.png
  artifactKey: Guid(fc565f29aa60c6d4f8d1e8dca00fb7f4) Importer(815301076,1909f56bfc062723c751e8b465ee728b)
Start importing Assets/Free Sprites lol/Weapons/WaltherP38.png using Guid(fc565f29aa60c6d4f8d1e8dca00fb7f4) Importer(815301076,1909f56bfc062723c751e8b465ee728b)  -> (artifact id: 'd2445e2c5c5ad77d6437a3a02971c2ea') in 0.006711 seconds
  Import took 0.012424 seconds .

========================================================================
Received Import Request.
  Time since last request: 0.000206 seconds.
  path: Assets/Free Sprites lol/Weapons/Winchester1897.png
  artifactKey: Guid(9a1b5fa537cf3394cbedd5dbc9915b32) Importer(815301076,1909f56bfc062723c751e8b465ee728b)
Start importing Assets/Free Sprites lol/Weapons/Winchester1897.png using Guid(9a1b5fa537cf3394cbedd5dbc9915b32) Importer(815301076,1909f56bfc062723c751e8b465ee728b)  -> (artifact id: '3083b01171cf79ea0adb018b39ace8c9') in 0.006361 seconds
  Import took 0.011651 seconds .

========================================================================
Received Import Request.
  Time since last request: 0.000214 seconds.
  path: Assets/Free Sprites lol/TorchAnim.png
  artifactKey: Guid(eda38998f71a1dc4082d9659a7ebb586) Importer(815301076,1909f56bfc062723c751e8b465ee728b)
Start importing Assets/Free Sprites lol/TorchAnim.png using Guid(eda38998f71a1dc4082d9659a7ebb586) Importer(815301076,1909f56bfc062723c751e8b465ee728b)  -> (artifact id: '14bd93911dbe59bee795849d8d8c4561') in 0.011787 seconds
  Import took 0.017895 seconds .

========================================================================
Received Prepare
Registering precompiled user dll's ...
Registered in 0.002294 seconds.
Begin MonoManager ReloadAssembly
Native extension for WindowsStandalone target not found
Refreshing native plugins compatible for Editor in 1.07 ms, found 1 plugins.
Preloading 0 native plugins for Editor in 0.00 ms.
Can't find custom attr constructor image: F:\Unity\looterShooter\TopDownLooterShooter GitHub\TDLS-Game\Top Down LooterShooter\Library\PackageCache\com.unity.ads@3.4.1\Editor\UnityEditor.Advertisements.dll mtoken: 0x0a00000f due to:  assembly:D:\Program Files\Unity\2020.2.1f1\Editor\Data\Managed\UnityEngine\UnityEngine.CoreModule.dll type:UnityAPICompatibilityVersionAttribute member:void {0}(string,string[]) signature:.ctor
Invoked RoslynAnalysisRunner static constructor.
RoslynAnalysisRunner will not be running.
RoslynAnalysisRunner has terminated.
Mono: successfully reloaded assembly
- Completed reload, in  0.966 seconds
Platform modules already initialized, skipping
Shader 'Universal Render Pipeline/Particles/Lit': fallback shader 'Universal Render Pipeline/Particles/SimpleLit' not found
Refreshing native plugins compatible for Editor in 0.75 ms, found 1 plugins.
Preloading 0 native plugins for Editor in 0.00 ms.
Unloading 3359 Unused Serialized files (Serialized files now loaded: 0)
System memory in use before: 165.6 MB.
System memory in use after: 165.9 MB.

Unloading 29 unused Assets to reduce memory usage. Loaded Objects now: 4011.
Total: 2.575700 ms (FindLiveObjects: 0.372400 ms CreateObjectMapping: 0.165000 ms MarkObjects: 1.991500 ms  DeleteObjects: 0.045600 ms)

========================================================================
Received Prepare
Registering precompiled user dll's ...
Registered in 0.002374 seconds.
Begin MonoManager ReloadAssembly
Native extension for WindowsStandalone target not found
Refreshing native plugins compatible for Editor in 0.75 ms, found 1 plugins.
Preloading 0 native plugins for Editor in 0.00 ms.
Can't find custom attr constructor image: F:\Unity\looterShooter\TopDownLooterShooter GitHub\TDLS-Game\Top Down LooterShooter\Library\PackageCache\com.unity.ads@3.4.1\Editor\UnityEditor.Advertisements.dll mtoken: 0x0a00000f due to:  assembly:D:\Program Files\Unity\2020.2.1f1\Editor\Data\Managed\UnityEngine\UnityEngine.CoreModule.dll type:UnityAPICompatibilityVersionAttribute member:void {0}(string,string[]) signature:.ctor
Invoked RoslynAnalysisRunner static constructor.
RoslynAnalysisRunner will not be running.
RoslynAnalysisRunner has terminated.
Mono: successfully reloaded assembly
- Completed reload, in  0.914 seconds
Platform modules already initialized, skipping
Shader 'Universal Render Pipeline/Particles/Lit': fallback shader 'Universal Render Pipeline/Particles/SimpleLit' not found
Refreshing native plugins compatible for Editor in 0.80 ms, found 1 plugins.
Preloading 0 native plugins for Editor in 0.00 ms.
Unloading 3360 Unused Serialized files (Serialized files now loaded: 0)
System memory in use before: 166.7 MB.
System memory in use after: 167.0 MB.

Unloading 29 unused Assets to reduce memory usage. Loaded Objects now: 4013.
Total: 2.609800 ms (FindLiveObjects: 0.306600 ms CreateObjectMapping: 0.158000 ms MarkObjects: 2.123600 ms  DeleteObjects: 0.020700 ms)

========================================================================
Received Import Request.
  Time since last request: 1556.331320 seconds.
  path: Assets/pfabs/CM vcam1.prefab
  artifactKey: Guid(128bac1500511ff48b0ad85cdbb38af7) Importer(815301076,1909f56bfc062723c751e8b465ee728b)
Start importing Assets/pfabs/CM vcam1.prefab using Guid(128bac1500511ff48b0ad85cdbb38af7) Importer(815301076,1909f56bfc062723c751e8b465ee728b)  -> (artifact id: '720cd2c1a60404589f9e0bb7c24692e5') in 0.075722 seconds
  Import took 0.081891 seconds .

========================================================================
Received Import Request.
  Time since last request: 0.000646 seconds.
  path: Assets/pfabs/CM vcam1.prefab
  artifactKey: Guid(128bac1500511ff48b0ad85cdbb38af7) Importer(815301076,1909f56bfc062723c751e8b465ee728b)
Start importing Assets/pfabs/CM vcam1.prefab using Guid(128bac1500511ff48b0ad85cdbb38af7) Importer(815301076,1909f56bfc062723c751e8b465ee728b)  -> (artifact id: '720cd2c1a60404589f9e0bb7c24692e5') in 0.004803 seconds
  Import took 0.010458 seconds .

========================================================================
Received Prepare
Registering precompiled user dll's ...
Registered in 0.002255 seconds.
Begin MonoManager ReloadAssembly
Native extension for WindowsStandalone target not found
Refreshing native plugins compatible for Editor in 0.72 ms, found 1 plugins.
Preloading 0 native plugins for Editor in 0.00 ms.
Can't find custom attr constructor image: F:\Unity\looterShooter\TopDownLooterShooter GitHub\TDLS-Game\Top Down LooterShooter\Library\PackageCache\com.unity.ads@3.4.1\Editor\UnityEditor.Advertisements.dll mtoken: 0x0a00000f due to:  assembly:D:\Program Files\Unity\2020.2.1f1\Editor\Data\Managed\UnityEngine\UnityEngine.CoreModule.dll type:UnityAPICompatibilityVersionAttribute member:void {0}(string,string[]) signature:.ctor
Invoked RoslynAnalysisRunner static constructor.
RoslynAnalysisRunner will not be running.
RoslynAnalysisRunner has terminated.
Mono: successfully reloaded assembly
- Completed reload, in  0.895 seconds
Platform modules already initialized, skipping
Shader 'Universal Render Pipeline/Particles/Lit': fallback shader 'Universal Render Pipeline/Particles/SimpleLit' not found
Refreshing native plugins compatible for Editor in 0.85 ms, found 1 plugins.
Preloading 0 native plugins for Editor in 0.00 ms.
Unloading 3360 Unused Serialized files (Serialized files now loaded: 0)
System memory in use before: 167.0 MB.
System memory in use after: 167.2 MB.

Unloading 31 unused Assets to reduce memory usage. Loaded Objects now: 4018.
Total: 2.490500 ms (FindLiveObjects: 0.317400 ms CreateObjectMapping: 0.156000 ms MarkObjects: 1.989800 ms  DeleteObjects: 0.026200 ms)

========================================================================
Received Import Request.
  Time since last request: 5.031705 seconds.
  path: Assets/pfabs/CM vcam1.prefab
  artifactKey: Guid(128bac1500511ff48b0ad85cdbb38af7) Importer(815301076,1909f56bfc062723c751e8b465ee728b)
Start importing Assets/pfabs/CM vcam1.prefab using Guid(128bac1500511ff48b0ad85cdbb38af7) Importer(815301076,1909f56bfc062723c751e8b465ee728b)  -> (artifact id: '3a4953beb4ae5bb4d772b00969453b21') in 0.049278 seconds
  Import took 0.054865 seconds .

========================================================================
Received Prepare
Registering precompiled user dll's ...
Registered in 0.002363 seconds.
Begin MonoManager ReloadAssembly
Native extension for WindowsStandalone target not found
Refreshing native plugins compatible for Editor in 0.74 ms, found 1 plugins.
Preloading 0 native plugins for Editor in 0.00 ms.
Can't find custom attr constructor image: F:\Unity\looterShooter\TopDownLooterShooter GitHub\TDLS-Game\Top Down LooterShooter\Library\PackageCache\com.unity.ads@3.4.1\Editor\UnityEditor.Advertisements.dll mtoken: 0x0a00000f due to:  assembly:D:\Program Files\Unity\2020.2.1f1\Editor\Data\Managed\UnityEngine\UnityEngine.CoreModule.dll type:UnityAPICompatibilityVersionAttribute member:void {0}(string,string[]) signature:.ctor
Invoked RoslynAnalysisRunner static constructor.
RoslynAnalysisRunner will not be running.
RoslynAnalysisRunner has terminated.
Mono: successfully reloaded assembly
- Completed reload, in  0.903 seconds
Platform modules already initialized, skipping
Shader 'Universal Render Pipeline/Particles/Lit': fallback shader 'Universal Render Pipeline/Particles/SimpleLit' not found
Refreshing native plugins compatible for Editor in 0.72 ms, found 1 plugins.
Preloading 0 native plugins for Editor in 0.00 ms.
Unloading 3360 Unused Serialized files (Serialized files now loaded: 0)
System memory in use before: 167.0 MB.
System memory in use after: 167.2 MB.

Unloading 32 unused Assets to reduce memory usage. Loaded Objects now: 4020.
Total: 2.807800 ms (FindLiveObjects: 0.343700 ms CreateObjectMapping: 0.196900 ms MarkObjects: 2.222200 ms  DeleteObjects: 0.043000 ms)

========================================================================
Received Import Request.
  Time since last request: 29.802673 seconds.
  path: Assets/pfabs/CM vcam1.prefab
  artifactKey: Guid(128bac1500511ff48b0ad85cdbb38af7) Importer(815301076,1909f56bfc062723c751e8b465ee728b)
Start importing Assets/pfabs/CM vcam1.prefab using Guid(128bac1500511ff48b0ad85cdbb38af7) Importer(815301076,1909f56bfc062723c751e8b465ee728b)  -> (artifact id: 'da297e17389ed18acc19649c38b23938') in 0.052515 seconds
  Import took 0.058291 seconds .

========================================================================
Received Import Request.
  Time since last request: 2.270457 seconds.
  path: Assets/pfabs/CM vcam1.prefab
  artifactKey: Guid(128bac1500511ff48b0ad85cdbb38af7) Importer(815301076,1909f56bfc062723c751e8b465ee728b)
Start importing Assets/pfabs/CM vcam1.prefab using Guid(128bac1500511ff48b0ad85cdbb38af7) Importer(815301076,1909f56bfc062723c751e8b465ee728b)  -> (artifact id: '996c43664970001d0457f2a2c697ede8') in 0.012734 seconds
  Import took 0.022607 seconds .

========================================================================
Received Import Request.
  Time since last request: 2.472789 seconds.
  path: Assets/pfabs/CM vcam1.prefab
  artifactKey: Guid(128bac1500511ff48b0ad85cdbb38af7) Importer(815301076,1909f56bfc062723c751e8b465ee728b)
Start importing Assets/pfabs/CM vcam1.prefab using Guid(128bac1500511ff48b0ad85cdbb38af7) Importer(815301076,1909f56bfc062723c751e8b465ee728b)  -> (artifact id: '2357a65b7f2077ab8b497b8346d6128a') in 0.008255 seconds
  Import took 0.016115 seconds .

========================================================================
Received Import Request.
  Time since last request: 6.640072 seconds.
  path: Assets/pfabs/CM vcam1.prefab
  artifactKey: Guid(128bac1500511ff48b0ad85cdbb38af7) Importer(815301076,1909f56bfc062723c751e8b465ee728b)
Start importing Assets/pfabs/CM vcam1.prefab using Guid(128bac1500511ff48b0ad85cdbb38af7) Importer(815301076,1909f56bfc062723c751e8b465ee728b)  -> (artifact id: '446a15f10ac005f24892af2240efae48') in 0.006916 seconds
  Import took 0.014231 seconds .

========================================================================
Received Import Request.
  Time since last request: 11.018104 seconds.
  path: Assets/pfabs/CM vcam1.prefab
  artifactKey: Guid(128bac1500511ff48b0ad85cdbb38af7) Importer(815301076,1909f56bfc062723c751e8b465ee728b)
Start importing Assets/pfabs/CM vcam1.prefab using Guid(128bac1500511ff48b0ad85cdbb38af7) Importer(815301076,1909f56bfc062723c751e8b465ee728b)  -> (artifact id: '85e1b0db331abb39a2d93b492a00c112') in 0.010453 seconds
  Import took 0.017939 seconds .

========================================================================
Received Import Request.
  Time since last request: 5.444115 seconds.
  path: Assets/pfabs/CM vcam1.prefab
  artifactKey: Guid(128bac1500511ff48b0ad85cdbb38af7) Importer(815301076,1909f56bfc062723c751e8b465ee728b)
Start importing Assets/pfabs/CM vcam1.prefab using Guid(128bac1500511ff48b0ad85cdbb38af7) Importer(815301076,1909f56bfc062723c751e8b465ee728b)  -> (artifact id: '21201744797d1a36223e183aa0fa0863') in 0.008772 seconds
  Import took 0.015398 seconds .

========================================================================
Received Import Request.
  Time since last request: 3.612470 seconds.
  path: Assets/pfabs/CM vcam1.prefab
  artifactKey: Guid(128bac1500511ff48b0ad85cdbb38af7) Importer(815301076,1909f56bfc062723c751e8b465ee728b)
Start importing Assets/pfabs/CM vcam1.prefab using Guid(128bac1500511ff48b0ad85cdbb38af7) Importer(815301076,1909f56bfc062723c751e8b465ee728b)  -> (artifact id: '35ff0fa7ac4fc872e8a55f6465bc049b') in 0.007501 seconds
  Import took 0.015873 seconds .

========================================================================
Received Import Request.
  Time since last request: 7.794912 seconds.
  path: Assets/pfabs/CM vcam1.prefab
  artifactKey: Guid(128bac1500511ff48b0ad85cdbb38af7) Importer(815301076,1909f56bfc062723c751e8b465ee728b)
Start importing Assets/pfabs/CM vcam1.prefab using Guid(128bac1500511ff48b0ad85cdbb38af7) Importer(815301076,1909f56bfc062723c751e8b465ee728b)  -> (artifact id: '415a4699e73e1bb6b0d2bf2d58f2102f') in 0.008066 seconds
  Import took 0.014985 seconds .

========================================================================
Received Import Request.
  Time since last request: 1.793925 seconds.
  path: Assets/pfabs/CM vcam1.prefab
  artifactKey: Guid(128bac1500511ff48b0ad85cdbb38af7) Importer(815301076,1909f56bfc062723c751e8b465ee728b)
Start importing Assets/pfabs/CM vcam1.prefab using Guid(128bac1500511ff48b0ad85cdbb38af7) Importer(815301076,1909f56bfc062723c751e8b465ee728b)  -> (artifact id: 'f01c49ea9d3a532a41cc68e5d3d34da3') in 0.006589 seconds
  Import took 0.012798 seconds .

========================================================================
Received Import Request.
  Time since last request: 2.015112 seconds.
  path: Assets/pfabs/CM vcam1.prefab
  artifactKey: Guid(128bac1500511ff48b0ad85cdbb38af7) Importer(815301076,1909f56bfc062723c751e8b465ee728b)
Start importing Assets/pfabs/CM vcam1.prefab using Guid(128bac1500511ff48b0ad85cdbb38af7) Importer(815301076,1909f56bfc062723c751e8b465ee728b)  -> (artifact id: 'c437690fce6de1873c8190f3bb2e01ae') in 0.009949 seconds
  Import took 0.017226 seconds .

========================================================================
Received Import Request.
  Time since last request: 0.371582 seconds.
  path: Assets/pfabs/CM vcam1.prefab
  artifactKey: Guid(128bac1500511ff48b0ad85cdbb38af7) Importer(815301076,1909f56bfc062723c751e8b465ee728b)
Start importing Assets/pfabs/CM vcam1.prefab using Guid(128bac1500511ff48b0ad85cdbb38af7) Importer(815301076,1909f56bfc062723c751e8b465ee728b)  -> (artifact id: '6c524d2926810d1aafcd4dc516a2df12') in 0.007220 seconds
  Import took 0.013786 seconds .

========================================================================
Received Import Request.
  Time since last request: 0.591842 seconds.
  path: Assets/pfabs/CM vcam1.prefab
  artifactKey: Guid(128bac1500511ff48b0ad85cdbb38af7) Importer(815301076,1909f56bfc062723c751e8b465ee728b)
Start importing Assets/pfabs/CM vcam1.prefab using Guid(128bac1500511ff48b0ad85cdbb38af7) Importer(815301076,1909f56bfc062723c751e8b465ee728b)  -> (artifact id: 'f43c1092a80f361c9f99b3fd3440e083') in 0.007545 seconds
  Import took 0.013815 seconds .

========================================================================
Received Import Request.
  Time since last request: 0.393553 seconds.
  path: Assets/pfabs/CM vcam1.prefab
  artifactKey: Guid(128bac1500511ff48b0ad85cdbb38af7) Importer(815301076,1909f56bfc062723c751e8b465ee728b)
Start importing Assets/pfabs/CM vcam1.prefab using Guid(128bac1500511ff48b0ad85cdbb38af7) Importer(815301076,1909f56bfc062723c751e8b465ee728b)  -> (artifact id: '9e126e869bf5bd6ffc8195bd7376e4b0') in 0.006462 seconds
  Import took 0.012936 seconds .

========================================================================
Received Import Request.
  Time since last request: 2.022915 seconds.
  path: Assets/pfabs/CM vcam1.prefab
  artifactKey: Guid(128bac1500511ff48b0ad85cdbb38af7) Importer(815301076,1909f56bfc062723c751e8b465ee728b)
Start importing Assets/pfabs/CM vcam1.prefab using Guid(128bac1500511ff48b0ad85cdbb38af7) Importer(815301076,1909f56bfc062723c751e8b465ee728b)  -> (artifact id: 'fdd9f159b4dc2484572731ada9fae857') in 0.008111 seconds
  Import took 0.015490 seconds .

========================================================================
Received Import Request.
  Time since last request: 2.016914 seconds.
  path: Assets/pfabs/CM vcam1.prefab
  artifactKey: Guid(128bac1500511ff48b0ad85cdbb38af7) Importer(815301076,1909f56bfc062723c751e8b465ee728b)
Start importing Assets/pfabs/CM vcam1.prefab using Guid(128bac1500511ff48b0ad85cdbb38af7) Importer(815301076,1909f56bfc062723c751e8b465ee728b)  -> (artifact id: '6a3dfa6fccada7d6cb86f97aaa311c48') in 0.006918 seconds
  Import took 0.012499 seconds .

========================================================================
Received Import Request.
  Time since last request: 8.095449 seconds.
  path: Assets/pfabs/CM vcam1.prefab
  artifactKey: Guid(128bac1500511ff48b0ad85cdbb38af7) Importer(815301076,1909f56bfc062723c751e8b465ee728b)
Start importing Assets/pfabs/CM vcam1.prefab using Guid(128bac1500511ff48b0ad85cdbb38af7) Importer(815301076,1909f56bfc062723c751e8b465ee728b)  -> (artifact id: 'adeb435a64f5d1f90460348e909d76e1') in 0.007961 seconds
  Import took 0.014299 seconds .

========================================================================
Received Import Request.
  Time since last request: 0.168047 seconds.
  path: Assets/pfabs/CM vcam1.prefab
  artifactKey: Guid(128bac1500511ff48b0ad85cdbb38af7) Importer(815301076,1909f56bfc062723c751e8b465ee728b)
Start importing Assets/pfabs/CM vcam1.prefab using Guid(128bac1500511ff48b0ad85cdbb38af7) Importer(815301076,1909f56bfc062723c751e8b465ee728b)  -> (artifact id: '3386edff82f9ed9bda08e99799404529') in 0.008769 seconds
  Import took 0.014841 seconds .

========================================================================
Received Import Request.
  Time since last request: 0.401049 seconds.
  path: Assets/pfabs/CM vcam1.prefab
  artifactKey: Guid(128bac1500511ff48b0ad85cdbb38af7) Importer(815301076,1909f56bfc062723c751e8b465ee728b)
Start importing Assets/pfabs/CM vcam1.prefab using Guid(128bac1500511ff48b0ad85cdbb38af7) Importer(815301076,1909f56bfc062723c751e8b465ee728b)  -> (artifact id: 'a411066d0c742c15363e7d2798bf5f13') in 0.006731 seconds
  Import took 0.013774 seconds .

========================================================================
Received Import Request.
  Time since last request: 0.395025 seconds.
  path: Assets/pfabs/CM vcam1.prefab
  artifactKey: Guid(128bac1500511ff48b0ad85cdbb38af7) Importer(815301076,1909f56bfc062723c751e8b465ee728b)
Start importing Assets/pfabs/CM vcam1.prefab using Guid(128bac1500511ff48b0ad85cdbb38af7) Importer(815301076,1909f56bfc062723c751e8b465ee728b)  -> (artifact id: 'b9931d0936a03f63d06c973a10d56253') in 0.008115 seconds
  Import took 0.014304 seconds .

========================================================================
Received Import Request.
  Time since last request: 1.843084 seconds.
  path: Assets/pfabs/CM vcam1.prefab
  artifactKey: Guid(128bac1500511ff48b0ad85cdbb38af7) Importer(815301076,1909f56bfc062723c751e8b465ee728b)
Start importing Assets/pfabs/CM vcam1.prefab using Guid(128bac1500511ff48b0ad85cdbb38af7) Importer(815301076,1909f56bfc062723c751e8b465ee728b)  -> (artifact id: '5cd4ffdcd0714c4a0624f9a7986ca4ab') in 0.009741 seconds
  Import took 0.017950 seconds .

========================================================================
Received Import Request.
  Time since last request: 36.689847 seconds.
  path: Assets/pfabs/CM vcam1.prefab
  artifactKey: Guid(128bac1500511ff48b0ad85cdbb38af7) Importer(815301076,1909f56bfc062723c751e8b465ee728b)
Start importing Assets/pfabs/CM vcam1.prefab using Guid(128bac1500511ff48b0ad85cdbb38af7) Importer(815301076,1909f56bfc062723c751e8b465ee728b)  -> (artifact id: 'faf3508659b0f3ac7a9fe7179b69df31') in 0.008688 seconds
  Import took 0.017651 seconds .

========================================================================
Received Import Request.
  Time since last request: 6.161283 seconds.
  path: Assets/pfabs/CM vcam1.prefab
  artifactKey: Guid(128bac1500511ff48b0ad85cdbb38af7) Importer(815301076,1909f56bfc062723c751e8b465ee728b)
Start importing Assets/pfabs/CM vcam1.prefab using Guid(128bac1500511ff48b0ad85cdbb38af7) Importer(815301076,1909f56bfc062723c751e8b465ee728b)  -> (artifact id: '5b846c9fe55e653c703af0de9d94376e') in 0.006669 seconds
  Import took 0.013749 seconds .

========================================================================
Received Import Request.
  Time since last request: 8.641455 seconds.
  path: Assets/pfabs/CM vcam1.prefab
  artifactKey: Guid(128bac1500511ff48b0ad85cdbb38af7) Importer(815301076,1909f56bfc062723c751e8b465ee728b)
Start importing Assets/pfabs/CM vcam1.prefab using Guid(128bac1500511ff48b0ad85cdbb38af7) Importer(815301076,1909f56bfc062723c751e8b465ee728b)  -> (artifact id: '92cfe6c182a82638eb6441c9dd2f1b01') in 0.010587 seconds
  Import took 0.019007 seconds .

========================================================================
Received Prepare
Registering precompiled user dll's ...
Registered in 0.002359 seconds.
Begin MonoManager ReloadAssembly
Native extension for WindowsStandalone target not found
Refreshing native plugins compatible for Editor in 0.78 ms, found 1 plugins.
Preloading 0 native plugins for Editor in 0.00 ms.
Can't find custom attr constructor image: F:\Unity\looterShooter\TopDownLooterShooter GitHub\TDLS-Game\Top Down LooterShooter\Library\PackageCache\com.unity.ads@3.4.1\Editor\UnityEditor.Advertisements.dll mtoken: 0x0a00000f due to:  assembly:D:\Program Files\Unity\2020.2.1f1\Editor\Data\Managed\UnityEngine\UnityEngine.CoreModule.dll type:UnityAPICompatibilityVersionAttribute member:void {0}(string,string[]) signature:.ctor
Invoked RoslynAnalysisRunner static constructor.
RoslynAnalysisRunner will not be running.
RoslynAnalysisRunner has terminated.
Mono: successfully reloaded assembly
- Completed reload, in  0.908 seconds
Platform modules already initialized, skipping
Shader 'Universal Render Pipeline/Particles/Lit': fallback shader 'Universal Render Pipeline/Particles/SimpleLit' not found
Refreshing native plugins compatible for Editor in 0.77 ms, found 1 plugins.
Preloading 0 native plugins for Editor in 0.00 ms.
Unloading 3360 Unused Serialized files (Serialized files now loaded: 0)
System memory in use before: 167.0 MB.
System memory in use after: 167.3 MB.

Unloading 32 unused Assets to reduce memory usage. Loaded Objects now: 4022.
Total: 3.594900 ms (FindLiveObjects: 0.456700 ms CreateObjectMapping: 0.250200 ms MarkObjects: 2.851900 ms  DeleteObjects: 0.034400 ms)

========================================================================
Received Import Request.
  Time since last request: 126.020155 seconds.
  path: Assets/pfabs/CM vcam1.prefab
  artifactKey: Guid(128bac1500511ff48b0ad85cdbb38af7) Importer(815301076,1909f56bfc062723c751e8b465ee728b)
Start importing Assets/pfabs/CM vcam1.prefab using Guid(128bac1500511ff48b0ad85cdbb38af7) Importer(815301076,1909f56bfc062723c751e8b465ee728b)  -> (artifact id: 'cec80db5409fdba74916a0cbd287934c') in 0.064482 seconds
  Import took 0.071419 seconds .

========================================================================
Received Prepare
Registering precompiled user dll's ...
Registered in 0.002338 seconds.
Begin MonoManager ReloadAssembly
Native extension for WindowsStandalone target not found
Refreshing native plugins compatible for Editor in 0.74 ms, found 1 plugins.
Preloading 0 native plugins for Editor in 0.00 ms.
Can't find custom attr constructor image: F:\Unity\looterShooter\TopDownLooterShooter GitHub\TDLS-Game\Top Down LooterShooter\Library\PackageCache\com.unity.ads@3.4.1\Editor\UnityEditor.Advertisements.dll mtoken: 0x0a00000f due to:  assembly:D:\Program Files\Unity\2020.2.1f1\Editor\Data\Managed\UnityEngine\UnityEngine.CoreModule.dll type:UnityAPICompatibilityVersionAttribute member:void {0}(string,string[]) signature:.ctor
Invoked RoslynAnalysisRunner static constructor.
RoslynAnalysisRunner will not be running.
RoslynAnalysisRunner has terminated.
Mono: successfully reloaded assembly
- Completed reload, in  0.911 seconds
Platform modules already initialized, skipping
Shader 'Universal Render Pipeline/Particles/Lit': fallback shader 'Universal Render Pipeline/Particles/SimpleLit' not found
Refreshing native plugins compatible for Editor in 0.76 ms, found 1 plugins.
Preloading 0 native plugins for Editor in 0.00 ms.
Unloading 3360 Unused Serialized files (Serialized files now loaded: 0)
System memory in use before: 167.1 MB.
System memory in use after: 167.3 MB.

Unloading 32 unused Assets to reduce memory usage. Loaded Objects now: 4024.
Total: 2.560000 ms (FindLiveObjects: 0.299800 ms CreateObjectMapping: 0.150800 ms MarkObjects: 2.080700 ms  DeleteObjects: 0.027800 ms)

========================================================================
Received Prepare
Registering precompiled user dll's ...
Registered in 0.002345 seconds.
Begin MonoManager ReloadAssembly
Native extension for WindowsStandalone target not found
Refreshing native plugins compatible for Editor in 0.74 ms, found 1 plugins.
Preloading 0 native plugins for Editor in 0.00 ms.
Can't find custom attr constructor image: F:\Unity\looterShooter\TopDownLooterShooter GitHub\TDLS-Game\Top Down LooterShooter\Library\PackageCache\com.unity.ads@3.4.1\Editor\UnityEditor.Advertisements.dll mtoken: 0x0a00000f due to:  assembly:D:\Program Files\Unity\2020.2.1f1\Editor\Data\Managed\UnityEngine\UnityEngine.CoreModule.dll type:UnityAPICompatibilityVersionAttribute member:void {0}(string,string[]) signature:.ctor
Invoked RoslynAnalysisRunner static constructor.
RoslynAnalysisRunner will not be running.
RoslynAnalysisRunner has terminated.
Mono: successfully reloaded assembly
- Completed reload, in  0.944 seconds
Platform modules already initialized, skipping
Shader 'Universal Render Pipeline/Particles/Lit': fallback shader 'Universal Render Pipeline/Particles/SimpleLit' not found
Refreshing native plugins compatible for Editor in 0.74 ms, found 1 plugins.
Preloading 0 native plugins for Editor in 0.00 ms.
Unloading 3360 Unused Serialized files (Serialized files now loaded: 0)
System memory in use before: 167.1 MB.
System memory in use after: 167.3 MB.

Unloading 29 unused Assets to reduce memory usage. Loaded Objects now: 4026.
Total: 3.205000 ms (FindLiveObjects: 0.415500 ms CreateObjectMapping: 0.206300 ms MarkObjects: 2.557700 ms  DeleteObjects: 0.024200 ms)

========================================================================
Received Import Request.
  Time since last request: 73.613499 seconds.
  path: Assets/pfabs/CM vcam1.prefab
  artifactKey: Guid(128bac1500511ff48b0ad85cdbb38af7) Importer(815301076,1909f56bfc062723c751e8b465ee728b)
Start importing Assets/pfabs/CM vcam1.prefab using Guid(128bac1500511ff48b0ad85cdbb38af7) Importer(815301076,1909f56bfc062723c751e8b465ee728b)  -> (artifact id: '45e11a281648d92a976f99f077929ab6') in 0.051287 seconds
  Import took 0.058209 seconds .

========================================================================
Received Prepare
Registering precompiled user dll's ...
Registered in 0.002305 seconds.
Begin MonoManager ReloadAssembly
Native extension for WindowsStandalone target not found
Refreshing native plugins compatible for Editor in 0.71 ms, found 1 plugins.
Preloading 0 native plugins for Editor in 0.00 ms.
Can't find custom attr constructor image: F:\Unity\looterShooter\TopDownLooterShooter GitHub\TDLS-Game\Top Down LooterShooter\Library\PackageCache\com.unity.ads@3.4.1\Editor\UnityEditor.Advertisements.dll mtoken: 0x0a00000f due to:  assembly:D:\Program Files\Unity\2020.2.1f1\Editor\Data\Managed\UnityEngine\UnityEngine.CoreModule.dll type:UnityAPICompatibilityVersionAttribute member:void {0}(string,string[]) signature:.ctor
Invoked RoslynAnalysisRunner static constructor.
RoslynAnalysisRunner will not be running.
RoslynAnalysisRunner has terminated.
Mono: successfully reloaded assembly
- Completed reload, in  0.901 seconds
Platform modules already initialized, skipping
Shader 'Universal Render Pipeline/Particles/Lit': fallback shader 'Universal Render Pipeline/Particles/SimpleLit' not found
Refreshing native plugins compatible for Editor in 0.76 ms, found 1 plugins.
Preloading 0 native plugins for Editor in 0.00 ms.
Unloading 3360 Unused Serialized files (Serialized files now loaded: 0)
System memory in use before: 167.1 MB.
System memory in use after: 167.3 MB.

Unloading 32 unused Assets to reduce memory usage. Loaded Objects now: 4028.
Total: 2.722600 ms (FindLiveObjects: 0.518100 ms CreateObjectMapping: 0.250000 ms MarkObjects: 1.919200 ms  DeleteObjects: 0.034100 ms)

========================================================================
Received Prepare
Registering precompiled user dll's ...
Registered in 0.002616 seconds.
Begin MonoManager ReloadAssembly
Native extension for WindowsStandalone target not found
Refreshing native plugins compatible for Editor in 0.73 ms, found 1 plugins.
Preloading 0 native plugins for Editor in 0.00 ms.
Can't find custom attr constructor image: F:\Unity\looterShooter\TopDownLooterShooter GitHub\TDLS-Game\Top Down LooterShooter\Library\PackageCache\com.unity.ads@3.4.1\Editor\UnityEditor.Advertisements.dll mtoken: 0x0a00000f due to:  assembly:D:\Program Files\Unity\2020.2.1f1\Editor\Data\Managed\UnityEngine\UnityEngine.CoreModule.dll type:UnityAPICompatibilityVersionAttribute member:void {0}(string,string[]) signature:.ctor
Invoked RoslynAnalysisRunner static constructor.
RoslynAnalysisRunner will not be running.
RoslynAnalysisRunner has terminated.
Mono: successfully reloaded assembly
- Completed reload, in  0.925 seconds
Platform modules already initialized, skipping
Shader 'Universal Render Pipeline/Particles/Lit': fallback shader 'Universal Render Pipeline/Particles/SimpleLit' not found
Refreshing native plugins compatible for Editor in 0.72 ms, found 1 plugins.
Preloading 0 native plugins for Editor in 0.00 ms.
Unloading 3360 Unused Serialized files (Serialized files now loaded: 0)
System memory in use before: 167.1 MB.
System memory in use after: 167.3 MB.

Unloading 29 unused Assets to reduce memory usage. Loaded Objects now: 4030.
Total: 2.870500 ms (FindLiveObjects: 0.507900 ms CreateObjectMapping: 0.206100 ms MarkObjects: 2.136700 ms  DeleteObjects: 0.018600 ms)

========================================================================
Received Prepare
Registering precompiled user dll's ...
Registered in 0.002507 seconds.
Begin MonoManager ReloadAssembly
Native extension for WindowsStandalone target not found
Refreshing native plugins compatible for Editor in 1.11 ms, found 1 plugins.
Preloading 0 native plugins for Editor in 0.00 ms.
Can't find custom attr constructor image: F:\Unity\looterShooter\TopDownLooterShooter GitHub\TDLS-Game\Top Down LooterShooter\Library\PackageCache\com.unity.ads@3.4.1\Editor\UnityEditor.Advertisements.dll mtoken: 0x0a00000f due to:  assembly:D:\Program Files\Unity\2020.2.1f1\Editor\Data\Managed\UnityEngine\UnityEngine.CoreModule.dll type:UnityAPICompatibilityVersionAttribute member:void {0}(string,string[]) signature:.ctor
Invoked RoslynAnalysisRunner static constructor.
RoslynAnalysisRunner will not be running.
RoslynAnalysisRunner has terminated.
Mono: successfully reloaded assembly
- Completed reload, in  0.938 seconds
Platform modules already initialized, skipping
Shader 'Universal Render Pipeline/Particles/Lit': fallback shader 'Universal Render Pipeline/Particles/SimpleLit' not found
Refreshing native plugins compatible for Editor in 0.73 ms, found 1 plugins.
Preloading 0 native plugins for Editor in 0.00 ms.
Unloading 3360 Unused Serialized files (Serialized files now loaded: 0)
System memory in use before: 167.1 MB.
System memory in use after: 167.3 MB.

Unloading 29 unused Assets to reduce memory usage. Loaded Objects now: 4032.
Total: 2.705400 ms (FindLiveObjects: 0.395800 ms CreateObjectMapping: 0.269300 ms MarkObjects: 2.013100 ms  DeleteObjects: 0.026300 ms)

========================================================================
Received Prepare
Registering precompiled user dll's ...
Registered in 0.002254 seconds.
Begin MonoManager ReloadAssembly
Native extension for WindowsStandalone target not found
Refreshing native plugins compatible for Editor in 0.81 ms, found 1 plugins.
Preloading 0 native plugins for Editor in 0.00 ms.
Can't find custom attr constructor image: F:\Unity\looterShooter\TopDownLooterShooter GitHub\TDLS-Game\Top Down LooterShooter\Library\PackageCache\com.unity.ads@3.4.1\Editor\UnityEditor.Advertisements.dll mtoken: 0x0a00000f due to:  assembly:D:\Program Files\Unity\2020.2.1f1\Editor\Data\Managed\UnityEngine\UnityEngine.CoreModule.dll type:UnityAPICompatibilityVersionAttribute member:void {0}(string,string[]) signature:.ctor
Invoked RoslynAnalysisRunner static constructor.
RoslynAnalysisRunner will not be running.
RoslynAnalysisRunner has terminated.
Mono: successfully reloaded assembly
- Completed reload, in  0.934 seconds
Platform modules already initialized, skipping
Shader 'Universal Render Pipeline/Particles/Lit': fallback shader 'Universal Render Pipeline/Particles/SimpleLit' not found
Refreshing native plugins compatible for Editor in 0.72 ms, found 1 plugins.
Preloading 0 native plugins for Editor in 0.00 ms.
Unloading 3360 Unused Serialized files (Serialized files now loaded: 0)
System memory in use before: 167.1 MB.
System memory in use after: 167.3 MB.

Unloading 29 unused Assets to reduce memory usage. Loaded Objects now: 4034.
Total: 2.456700 ms (FindLiveObjects: 0.317600 ms CreateObjectMapping: 0.178900 ms MarkObjects: 1.937900 ms  DeleteObjects: 0.021500 ms)

========================================================================
Received Prepare
Registering precompiled user dll's ...
Registered in 0.002248 seconds.
Begin MonoManager ReloadAssembly
Native extension for WindowsStandalone target not found
Refreshing native plugins compatible for Editor in 0.93 ms, found 1 plugins.
Preloading 0 native plugins for Editor in 0.00 ms.
Can't find custom attr constructor image: F:\Unity\looterShooter\TopDownLooterShooter GitHub\TDLS-Game\Top Down LooterShooter\Library\PackageCache\com.unity.ads@3.4.1\Editor\UnityEditor.Advertisements.dll mtoken: 0x0a00000f due to:  assembly:D:\Program Files\Unity\2020.2.1f1\Editor\Data\Managed\UnityEngine\UnityEngine.CoreModule.dll type:UnityAPICompatibilityVersionAttribute member:void {0}(string,string[]) signature:.ctor
Invoked RoslynAnalysisRunner static constructor.
RoslynAnalysisRunner will not be running.
RoslynAnalysisRunner has terminated.
Mono: successfully reloaded assembly
- Completed reload, in  0.940 seconds
Platform modules already initialized, skipping
Shader 'Universal Render Pipeline/Particles/Lit': fallback shader 'Universal Render Pipeline/Particles/SimpleLit' not found
Refreshing native plugins compatible for Editor in 0.99 ms, found 1 plugins.
Preloading 0 native plugins for Editor in 0.00 ms.
Unloading 3360 Unused Serialized files (Serialized files now loaded: 0)
System memory in use before: 167.1 MB.
System memory in use after: 167.3 MB.

Unloading 29 unused Assets to reduce memory usage. Loaded Objects now: 4036.
Total: 3.603400 ms (FindLiveObjects: 0.449600 ms CreateObjectMapping: 0.396600 ms MarkObjects: 2.726400 ms  DeleteObjects: 0.028900 ms)

========================================================================
Received Prepare
Registering precompiled user dll's ...
Registered in 0.002373 seconds.
Begin MonoManager ReloadAssembly
Native extension for WindowsStandalone target not found
Refreshing native plugins compatible for Editor in 0.72 ms, found 1 plugins.
Preloading 0 native plugins for Editor in 0.00 ms.
Can't find custom attr constructor image: F:\Unity\looterShooter\TopDownLooterShooter GitHub\TDLS-Game\Top Down LooterShooter\Library\PackageCache\com.unity.ads@3.4.1\Editor\UnityEditor.Advertisements.dll mtoken: 0x0a00000f due to:  assembly:D:\Program Files\Unity\2020.2.1f1\Editor\Data\Managed\UnityEngine\UnityEngine.CoreModule.dll type:UnityAPICompatibilityVersionAttribute member:void {0}(string,string[]) signature:.ctor
Invoked RoslynAnalysisRunner static constructor.
RoslynAnalysisRunner will not be running.
RoslynAnalysisRunner has terminated.
Mono: successfully reloaded assembly
- Completed reload, in  0.901 seconds
Platform modules already initialized, skipping
Shader 'Universal Render Pipeline/Particles/Lit': fallback shader 'Universal Render Pipeline/Particles/SimpleLit' not found
Refreshing native plugins compatible for Editor in 0.78 ms, found 1 plugins.
Preloading 0 native plugins for Editor in 0.00 ms.
Unloading 3360 Unused Serialized files (Serialized files now loaded: 0)
System memory in use before: 167.1 MB.
System memory in use after: 167.3 MB.

Unloading 29 unused Assets to reduce memory usage. Loaded Objects now: 4038.
Total: 2.428200 ms (FindLiveObjects: 0.343200 ms CreateObjectMapping: 0.185500 ms MarkObjects: 1.879600 ms  DeleteObjects: 0.018900 ms)

========================================================================
Received Import Request.
  Time since last request: 1871.714372 seconds.
  path: Assets/Player.prefab
  artifactKey: Guid(677597afb1e50554f91195d557eec86a) Importer(815301076,1909f56bfc062723c751e8b465ee728b)
Start importing Assets/Player.prefab using Guid(677597afb1e50554f91195d557eec86a) Importer(815301076,1909f56bfc062723c751e8b465ee728b)  -> (artifact id: 'a3768cfda6670c158db643a1a2fe3f65') in 0.147811 seconds
  Import took 0.154037 seconds .

========================================================================
Received Prepare
Registering precompiled user dll's ...
Registered in 0.002298 seconds.
Begin MonoManager ReloadAssembly
Native extension for WindowsStandalone target not found
Refreshing native plugins compatible for Editor in 0.76 ms, found 1 plugins.
Preloading 0 native plugins for Editor in 0.00 ms.
Can't find custom attr constructor image: F:\Unity\looterShooter\TopDownLooterShooter GitHub\TDLS-Game\Top Down LooterShooter\Library\PackageCache\com.unity.ads@3.4.1\Editor\UnityEditor.Advertisements.dll mtoken: 0x0a00000f due to:  assembly:D:\Program Files\Unity\2020.2.1f1\Editor\Data\Managed\UnityEngine\UnityEngine.CoreModule.dll type:UnityAPICompatibilityVersionAttribute member:void {0}(string,string[]) signature:.ctor
Invoked RoslynAnalysisRunner static constructor.
RoslynAnalysisRunner will not be running.
RoslynAnalysisRunner has terminated.
Mono: successfully reloaded assembly
- Completed reload, in  0.899 seconds
Platform modules already initialized, skipping
Shader 'Universal Render Pipeline/Particles/Lit': fallback shader 'Universal Render Pipeline/Particles/SimpleLit' not found
Refreshing native plugins compatible for Editor in 0.78 ms, found 1 plugins.
Preloading 0 native plugins for Editor in 0.00 ms.
Unloading 3360 Unused Serialized files (Serialized files now loaded: 0)
System memory in use before: 167.3 MB.
System memory in use after: 167.5 MB.

Unloading 29 unused Assets to reduce memory usage. Loaded Objects now: 4076.
Total: 2.658000 ms (FindLiveObjects: 0.406600 ms CreateObjectMapping: 0.184600 ms MarkObjects: 2.046200 ms  DeleteObjects: 0.019700 ms)

========================================================================
Received Prepare
Registering precompiled user dll's ...
Registered in 0.002262 seconds.
Begin MonoManager ReloadAssembly
Native extension for WindowsStandalone target not found
Refreshing native plugins compatible for Editor in 0.86 ms, found 1 plugins.
Preloading 0 native plugins for Editor in 0.00 ms.
Can't find custom attr constructor image: F:\Unity\looterShooter\TopDownLooterShooter GitHub\TDLS-Game\Top Down LooterShooter\Library\PackageCache\com.unity.ads@3.4.1\Editor\UnityEditor.Advertisements.dll mtoken: 0x0a00000f due to:  assembly:D:\Program Files\Unity\2020.2.1f1\Editor\Data\Managed\UnityEngine\UnityEngine.CoreModule.dll type:UnityAPICompatibilityVersionAttribute member:void {0}(string,string[]) signature:.ctor
Invoked RoslynAnalysisRunner static constructor.
RoslynAnalysisRunner will not be running.
RoslynAnalysisRunner has terminated.
Mono: successfully reloaded assembly
- Completed reload, in  0.915 seconds
Platform modules already initialized, skipping
Shader 'Universal Render Pipeline/Particles/Lit': fallback shader 'Universal Render Pipeline/Particles/SimpleLit' not found
Refreshing native plugins compatible for Editor in 0.72 ms, found 1 plugins.
Preloading 0 native plugins for Editor in 0.00 ms.
Unloading 3360 Unused Serialized files (Serialized files now loaded: 0)
System memory in use before: 167.3 MB.
System memory in use after: 167.5 MB.

Unloading 29 unused Assets to reduce memory usage. Loaded Objects now: 4078.
Total: 2.562400 ms (FindLiveObjects: 0.312400 ms CreateObjectMapping: 0.151000 ms MarkObjects: 2.063200 ms  DeleteObjects: 0.034200 ms)

========================================================================
Received Prepare
Registering precompiled user dll's ...
Registered in 0.002361 seconds.
Begin MonoManager ReloadAssembly
Native extension for WindowsStandalone target not found
Refreshing native plugins compatible for Editor in 0.71 ms, found 1 plugins.
Preloading 0 native plugins for Editor in 0.00 ms.
Can't find custom attr constructor image: F:\Unity\looterShooter\TopDownLooterShooter GitHub\TDLS-Game\Top Down LooterShooter\Library\PackageCache\com.unity.ads@3.4.1\Editor\UnityEditor.Advertisements.dll mtoken: 0x0a00000f due to:  assembly:D:\Program Files\Unity\2020.2.1f1\Editor\Data\Managed\UnityEngine\UnityEngine.CoreModule.dll type:UnityAPICompatibilityVersionAttribute member:void {0}(string,string[]) signature:.ctor
Invoked RoslynAnalysisRunner static constructor.
RoslynAnalysisRunner will not be running.
RoslynAnalysisRunner has terminated.
Mono: successfully reloaded assembly
- Completed reload, in  0.919 seconds
Platform modules already initialized, skipping
Shader 'Universal Render Pipeline/Particles/Lit': fallback shader 'Universal Render Pipeline/Particles/SimpleLit' not found
Refreshing native plugins compatible for Editor in 0.71 ms, found 1 plugins.
Preloading 0 native plugins for Editor in 0.00 ms.
Unloading 3360 Unused Serialized files (Serialized files now loaded: 0)
System memory in use before: 167.2 MB.
System memory in use after: 167.5 MB.

Unloading 29 unused Assets to reduce memory usage. Loaded Objects now: 4080.
Total: 2.702800 ms (FindLiveObjects: 0.320700 ms CreateObjectMapping: 0.168300 ms MarkObjects: 2.192200 ms  DeleteObjects: 0.020800 ms)

========================================================================
Received Prepare
Registering precompiled user dll's ...
Registered in 0.002296 seconds.
Begin MonoManager ReloadAssembly
Native extension for WindowsStandalone target not found
Refreshing native plugins compatible for Editor in 0.70 ms, found 1 plugins.
Preloading 0 native plugins for Editor in 0.00 ms.
Can't find custom attr constructor image: F:\Unity\looterShooter\TopDownLooterShooter GitHub\TDLS-Game\Top Down LooterShooter\Library\PackageCache\com.unity.ads@3.4.1\Editor\UnityEditor.Advertisements.dll mtoken: 0x0a00000f due to:  assembly:D:\Program Files\Unity\2020.2.1f1\Editor\Data\Managed\UnityEngine\UnityEngine.CoreModule.dll type:UnityAPICompatibilityVersionAttribute member:void {0}(string,string[]) signature:.ctor
Invoked RoslynAnalysisRunner static constructor.
RoslynAnalysisRunner will not be running.
RoslynAnalysisRunner has terminated.
Mono: successfully reloaded assembly
- Completed reload, in  0.890 seconds
Platform modules already initialized, skipping
Shader 'Universal Render Pipeline/Particles/Lit': fallback shader 'Universal Render Pipeline/Particles/SimpleLit' not found
Refreshing native plugins compatible for Editor in 0.74 ms, found 1 plugins.
Preloading 0 native plugins for Editor in 0.00 ms.
Unloading 3360 Unused Serialized files (Serialized files now loaded: 0)
System memory in use before: 167.3 MB.
System memory in use after: 167.5 MB.

Unloading 29 unused Assets to reduce memory usage. Loaded Objects now: 4082.
Total: 2.531600 ms (FindLiveObjects: 0.346700 ms CreateObjectMapping: 0.144000 ms MarkObjects: 2.020600 ms  DeleteObjects: 0.019100 ms)

========================================================================
Received Prepare
Registering precompiled user dll's ...
Registered in 0.002391 seconds.
Begin MonoManager ReloadAssembly
Native extension for WindowsStandalone target not found
Refreshing native plugins compatible for Editor in 0.75 ms, found 1 plugins.
Preloading 0 native plugins for Editor in 0.00 ms.
Can't find custom attr constructor image: F:\Unity\looterShooter\TopDownLooterShooter GitHub\TDLS-Game\Top Down LooterShooter\Library\PackageCache\com.unity.ads@3.4.1\Editor\UnityEditor.Advertisements.dll mtoken: 0x0a00000f due to:  assembly:D:\Program Files\Unity\2020.2.1f1\Editor\Data\Managed\UnityEngine\UnityEngine.CoreModule.dll type:UnityAPICompatibilityVersionAttribute member:void {0}(string,string[]) signature:.ctor
Invoked RoslynAnalysisRunner static constructor.
RoslynAnalysisRunner will not be running.
RoslynAnalysisRunner has terminated.
Mono: successfully reloaded assembly
- Completed reload, in  1.090 seconds
Platform modules already initialized, skipping
Shader 'Universal Render Pipeline/Particles/Lit': fallback shader 'Universal Render Pipeline/Particles/SimpleLit' not found
Refreshing native plugins compatible for Editor in 0.84 ms, found 1 plugins.
Preloading 0 native plugins for Editor in 0.00 ms.
Unloading 3360 Unused Serialized files (Serialized files now loaded: 0)
System memory in use before: 167.3 MB.
System memory in use after: 167.5 MB.

Unloading 29 unused Assets to reduce memory usage. Loaded Objects now: 4084.
Total: 3.251500 ms (FindLiveObjects: 0.540100 ms CreateObjectMapping: 0.293600 ms MarkObjects: 2.388900 ms  DeleteObjects: 0.027700 ms)

========================================================================
Received Prepare
Registering precompiled user dll's ...
Registered in 0.002237 seconds.
Begin MonoManager ReloadAssembly
Native extension for WindowsStandalone target not found
Refreshing native plugins compatible for Editor in 0.79 ms, found 1 plugins.
Preloading 0 native plugins for Editor in 0.00 ms.
Can't find custom attr constructor image: F:\Unity\looterShooter\TopDownLooterShooter GitHub\TDLS-Game\Top Down LooterShooter\Library\PackageCache\com.unity.ads@3.4.1\Editor\UnityEditor.Advertisements.dll mtoken: 0x0a00000f due to:  assembly:D:\Program Files\Unity\2020.2.1f1\Editor\Data\Managed\UnityEngine\UnityEngine.CoreModule.dll type:UnityAPICompatibilityVersionAttribute member:void {0}(string,string[]) signature:.ctor
Invoked RoslynAnalysisRunner static constructor.
RoslynAnalysisRunner will not be running.
RoslynAnalysisRunner has terminated.
Mono: successfully reloaded assembly
- Completed reload, in  1.231 seconds
Platform modules already initialized, skipping
Shader 'Universal Render Pipeline/Particles/Lit': fallback shader 'Universal Render Pipeline/Particles/SimpleLit' not found
Refreshing native plugins compatible for Editor in 0.84 ms, found 1 plugins.
Preloading 0 native plugins for Editor in 0.00 ms.
Unloading 3360 Unused Serialized files (Serialized files now loaded: 0)
System memory in use before: 167.3 MB.
System memory in use after: 167.5 MB.

Unloading 29 unused Assets to reduce memory usage. Loaded Objects now: 4086.
Total: 3.059200 ms (FindLiveObjects: 0.658300 ms CreateObjectMapping: 0.256800 ms MarkObjects: 2.116300 ms  DeleteObjects: 0.025900 ms)

========================================================================
Received Prepare
Registering precompiled user dll's ...
Registered in 0.002440 seconds.
Begin MonoManager ReloadAssembly
Native extension for WindowsStandalone target not found
Refreshing native plugins compatible for Editor in 0.74 ms, found 1 plugins.
Preloading 0 native plugins for Editor in 0.00 ms.
Can't find custom attr constructor image: F:\Unity\looterShooter\TopDownLooterShooter GitHub\TDLS-Game\Top Down LooterShooter\Library\PackageCache\com.unity.ads@3.4.1\Editor\UnityEditor.Advertisements.dll mtoken: 0x0a00000f due to:  assembly:D:\Program Files\Unity\2020.2.1f1\Editor\Data\Managed\UnityEngine\UnityEngine.CoreModule.dll type:UnityAPICompatibilityVersionAttribute member:void {0}(string,string[]) signature:.ctor
Invoked RoslynAnalysisRunner static constructor.
RoslynAnalysisRunner will not be running.
RoslynAnalysisRunner has terminated.
Mono: successfully reloaded assembly
- Completed reload, in  1.217 seconds
Platform modules already initialized, skipping
Shader 'Universal Render Pipeline/Particles/Lit': fallback shader 'Universal Render Pipeline/Particles/SimpleLit' not found
Refreshing native plugins compatible for Editor in 0.85 ms, found 1 plugins.
Preloading 0 native plugins for Editor in 0.00 ms.
Unloading 3360 Unused Serialized files (Serialized files now loaded: 0)
System memory in use before: 167.3 MB.
System memory in use after: 167.5 MB.

Unloading 29 unused Assets to reduce memory usage. Loaded Objects now: 4088.
Total: 2.751700 ms (FindLiveObjects: 0.503800 ms CreateObjectMapping: 0.238200 ms MarkObjects: 1.986100 ms  DeleteObjects: 0.021700 ms)

========================================================================
Received Prepare
Registering precompiled user dll's ...
Registered in 0.003862 seconds.
Begin MonoManager ReloadAssembly
Native extension for WindowsStandalone target not found
Refreshing native plugins compatible for Editor in 0.95 ms, found 1 plugins.
Preloading 0 native plugins for Editor in 0.00 ms.
Can't find custom attr constructor image: F:\Unity\looterShooter\TopDownLooterShooter GitHub\TDLS-Game\Top Down LooterShooter\Library\PackageCache\com.unity.ads@3.4.1\Editor\UnityEditor.Advertisements.dll mtoken: 0x0a00000f due to:  assembly:D:\Program Files\Unity\2020.2.1f1\Editor\Data\Managed\UnityEngine\UnityEngine.CoreModule.dll type:UnityAPICompatibilityVersionAttribute member:void {0}(string,string[]) signature:.ctor
Invoked RoslynAnalysisRunner static constructor.
RoslynAnalysisRunner will not be running.
RoslynAnalysisRunner has terminated.
Mono: successfully reloaded assembly
- Completed reload, in  1.223 seconds
Platform modules already initialized, skipping
Shader 'Universal Render Pipeline/Particles/Lit': fallback shader 'Universal Render Pipeline/Particles/SimpleLit' not found
Refreshing native plugins compatible for Editor in 1.77 ms, found 1 plugins.
Preloading 0 native plugins for Editor in 0.00 ms.
Unloading 3360 Unused Serialized files (Serialized files now loaded: 0)
System memory in use before: 167.3 MB.
System memory in use after: 167.5 MB.

Unloading 29 unused Assets to reduce memory usage. Loaded Objects now: 4090.
Total: 3.167000 ms (FindLiveObjects: 0.526500 ms CreateObjectMapping: 0.237100 ms MarkObjects: 2.376200 ms  DeleteObjects: 0.025100 ms)

========================================================================
Received Prepare
Registering precompiled user dll's ...
Registered in 0.002280 seconds.
Begin MonoManager ReloadAssembly
Native extension for WindowsStandalone target not found
Refreshing native plugins compatible for Editor in 0.72 ms, found 1 plugins.
Preloading 0 native plugins for Editor in 0.00 ms.
Can't find custom attr constructor image: F:\Unity\looterShooter\TopDownLooterShooter GitHub\TDLS-Game\Top Down LooterShooter\Library\PackageCache\com.unity.ads@3.4.1\Editor\UnityEditor.Advertisements.dll mtoken: 0x0a00000f due to:  assembly:D:\Program Files\Unity\2020.2.1f1\Editor\Data\Managed\UnityEngine\UnityEngine.CoreModule.dll type:UnityAPICompatibilityVersionAttribute member:void {0}(string,string[]) signature:.ctor
Invoked RoslynAnalysisRunner static constructor.
RoslynAnalysisRunner will not be running.
RoslynAnalysisRunner has terminated.
Mono: successfully reloaded assembly
- Completed reload, in  1.081 seconds
Platform modules already initialized, skipping
Shader 'Universal Render Pipeline/Particles/Lit': fallback shader 'Universal Render Pipeline/Particles/SimpleLit' not found
Refreshing native plugins compatible for Editor in 0.87 ms, found 1 plugins.
Preloading 0 native plugins for Editor in 0.00 ms.
Unloading 3360 Unused Serialized files (Serialized files now loaded: 0)
System memory in use before: 167.3 MB.
System memory in use after: 167.5 MB.

Unloading 29 unused Assets to reduce memory usage. Loaded Objects now: 4092.
Total: 3.898400 ms (FindLiveObjects: 0.419600 ms CreateObjectMapping: 0.221800 ms MarkObjects: 3.221800 ms  DeleteObjects: 0.033000 ms)

========================================================================
Received Prepare
Registering precompiled user dll's ...
Registered in 0.002277 seconds.
Begin MonoManager ReloadAssembly
Native extension for WindowsStandalone target not found
Refreshing native plugins compatible for Editor in 0.75 ms, found 1 plugins.
Preloading 0 native plugins for Editor in 0.00 ms.
Can't find custom attr constructor image: F:\Unity\looterShooter\TopDownLooterShooter GitHub\TDLS-Game\Top Down LooterShooter\Library\PackageCache\com.unity.ads@3.4.1\Editor\UnityEditor.Advertisements.dll mtoken: 0x0a00000f due to:  assembly:D:\Program Files\Unity\2020.2.1f1\Editor\Data\Managed\UnityEngine\UnityEngine.CoreModule.dll type:UnityAPICompatibilityVersionAttribute member:void {0}(string,string[]) signature:.ctor
Invoked RoslynAnalysisRunner static constructor.
RoslynAnalysisRunner will not be running.
RoslynAnalysisRunner has terminated.
Mono: successfully reloaded assembly
- Completed reload, in  0.957 seconds
Platform modules already initialized, skipping
Shader 'Universal Render Pipeline/Particles/Lit': fallback shader 'Universal Render Pipeline/Particles/SimpleLit' not found
Refreshing native plugins compatible for Editor in 0.78 ms, found 1 plugins.
Preloading 0 native plugins for Editor in 0.00 ms.
Unloading 3360 Unused Serialized files (Serialized files now loaded: 0)
System memory in use before: 167.3 MB.
System memory in use after: 167.6 MB.

Unloading 29 unused Assets to reduce memory usage. Loaded Objects now: 4094.
Total: 3.132400 ms (FindLiveObjects: 0.907200 ms CreateObjectMapping: 0.231400 ms MarkObjects: 1.971300 ms  DeleteObjects: 0.021200 ms)

========================================================================
Received Prepare
Registering precompiled user dll's ...
Registered in 0.002318 seconds.
Begin MonoManager ReloadAssembly
Native extension for WindowsStandalone target not found
Refreshing native plugins compatible for Editor in 0.81 ms, found 1 plugins.
Preloading 0 native plugins for Editor in 0.00 ms.
Can't find custom attr constructor image: F:\Unity\looterShooter\TopDownLooterShooter GitHub\TDLS-Game\Top Down LooterShooter\Library\PackageCache\com.unity.ads@3.4.1\Editor\UnityEditor.Advertisements.dll mtoken: 0x0a00000f due to:  assembly:D:\Program Files\Unity\2020.2.1f1\Editor\Data\Managed\UnityEngine\UnityEngine.CoreModule.dll type:UnityAPICompatibilityVersionAttribute member:void {0}(string,string[]) signature:.ctor
Invoked RoslynAnalysisRunner static constructor.
RoslynAnalysisRunner will not be running.
RoslynAnalysisRunner has terminated.
Mono: successfully reloaded assembly
- Completed reload, in  1.050 seconds
Platform modules already initialized, skipping
Shader 'Universal Render Pipeline/Particles/Lit': fallback shader 'Universal Render Pipeline/Particles/SimpleLit' not found
Refreshing native plugins compatible for Editor in 0.74 ms, found 1 plugins.
Preloading 0 native plugins for Editor in 0.00 ms.
Unloading 3360 Unused Serialized files (Serialized files now loaded: 0)
System memory in use before: 167.3 MB.
System memory in use after: 167.6 MB.

Unloading 29 unused Assets to reduce memory usage. Loaded Objects now: 4096.
Total: 2.409000 ms (FindLiveObjects: 0.297500 ms CreateObjectMapping: 0.174100 ms MarkObjects: 1.917600 ms  DeleteObjects: 0.018200 ms)

========================================================================
Received Prepare
Registering precompiled user dll's ...
Registered in 0.002235 seconds.
Begin MonoManager ReloadAssembly
Native extension for WindowsStandalone target not found
Refreshing native plugins compatible for Editor in 0.71 ms, found 1 plugins.
Preloading 0 native plugins for Editor in 0.00 ms.
Can't find custom attr constructor image: F:\Unity\looterShooter\TopDownLooterShooter GitHub\TDLS-Game\Top Down LooterShooter\Library\PackageCache\com.unity.ads@3.4.1\Editor\UnityEditor.Advertisements.dll mtoken: 0x0a00000f due to:  assembly:D:\Program Files\Unity\2020.2.1f1\Editor\Data\Managed\UnityEngine\UnityEngine.CoreModule.dll type:UnityAPICompatibilityVersionAttribute member:void {0}(string,string[]) signature:.ctor
Invoked RoslynAnalysisRunner static constructor.
RoslynAnalysisRunner will not be running.
RoslynAnalysisRunner has terminated.
Mono: successfully reloaded assembly
- Completed reload, in  0.908 seconds
Platform modules already initialized, skipping
Shader 'Universal Render Pipeline/Particles/Lit': fallback shader 'Universal Render Pipeline/Particles/SimpleLit' not found
Refreshing native plugins compatible for Editor in 0.71 ms, found 1 plugins.
Preloading 0 native plugins for Editor in 0.00 ms.
Unloading 3360 Unused Serialized files (Serialized files now loaded: 0)
System memory in use before: 167.3 MB.
System memory in use after: 167.6 MB.

Unloading 29 unused Assets to reduce memory usage. Loaded Objects now: 4098.
Total: 2.696400 ms (FindLiveObjects: 0.345100 ms CreateObjectMapping: 0.181800 ms MarkObjects: 2.147900 ms  DeleteObjects: 0.020500 ms)

========================================================================
Received Prepare
Registering precompiled user dll's ...
Registered in 0.002239 seconds.
Begin MonoManager ReloadAssembly
Native extension for WindowsStandalone target not found
Refreshing native plugins compatible for Editor in 0.71 ms, found 1 plugins.
Preloading 0 native plugins for Editor in 0.00 ms.
Can't find custom attr constructor image: F:\Unity\looterShooter\TopDownLooterShooter GitHub\TDLS-Game\Top Down LooterShooter\Library\PackageCache\com.unity.ads@3.4.1\Editor\UnityEditor.Advertisements.dll mtoken: 0x0a00000f due to:  assembly:D:\Program Files\Unity\2020.2.1f1\Editor\Data\Managed\UnityEngine\UnityEngine.CoreModule.dll type:UnityAPICompatibilityVersionAttribute member:void {0}(string,string[]) signature:.ctor
Invoked RoslynAnalysisRunner static constructor.
RoslynAnalysisRunner will not be running.
RoslynAnalysisRunner has terminated.
Mono: successfully reloaded assembly
- Completed reload, in  0.920 seconds
Platform modules already initialized, skipping
Shader 'Universal Render Pipeline/Particles/Lit': fallback shader 'Universal Render Pipeline/Particles/SimpleLit' not found
Refreshing native plugins compatible for Editor in 0.74 ms, found 1 plugins.
Preloading 0 native plugins for Editor in 0.00 ms.
Unloading 3360 Unused Serialized files (Serialized files now loaded: 0)
System memory in use before: 167.3 MB.
System memory in use after: 167.6 MB.

Unloading 29 unused Assets to reduce memory usage. Loaded Objects now: 4100.
Total: 3.101500 ms (FindLiveObjects: 0.354000 ms CreateObjectMapping: 0.173600 ms MarkObjects: 2.550100 ms  DeleteObjects: 0.022600 ms)

========================================================================
Received Prepare
Registering precompiled user dll's ...
Registered in 0.002250 seconds.
Begin MonoManager ReloadAssembly
Native extension for WindowsStandalone target not found
Refreshing native plugins compatible for Editor in 0.71 ms, found 1 plugins.
Preloading 0 native plugins for Editor in 0.00 ms.
Can't find custom attr constructor image: F:\Unity\looterShooter\TopDownLooterShooter GitHub\TDLS-Game\Top Down LooterShooter\Library\PackageCache\com.unity.ads@3.4.1\Editor\UnityEditor.Advertisements.dll mtoken: 0x0a00000f due to:  assembly:D:\Program Files\Unity\2020.2.1f1\Editor\Data\Managed\UnityEngine\UnityEngine.CoreModule.dll type:UnityAPICompatibilityVersionAttribute member:void {0}(string,string[]) signature:.ctor
Invoked RoslynAnalysisRunner static constructor.
RoslynAnalysisRunner will not be running.
RoslynAnalysisRunner has terminated.
Mono: successfully reloaded assembly
- Completed reload, in  0.916 seconds
Platform modules already initialized, skipping
Shader 'Universal Render Pipeline/Particles/Lit': fallback shader 'Universal Render Pipeline/Particles/SimpleLit' not found
Refreshing native plugins compatible for Editor in 0.76 ms, found 1 plugins.
Preloading 0 native plugins for Editor in 0.00 ms.
Unloading 3360 Unused Serialized files (Serialized files now loaded: 0)
System memory in use before: 167.3 MB.
System memory in use after: 167.6 MB.

Unloading 29 unused Assets to reduce memory usage. Loaded Objects now: 4102.
Total: 2.538500 ms (FindLiveObjects: 0.341500 ms CreateObjectMapping: 0.196300 ms MarkObjects: 1.979800 ms  DeleteObjects: 0.018600 ms)

========================================================================
Received Prepare
Registering precompiled user dll's ...
Registered in 0.004195 seconds.
Begin MonoManager ReloadAssembly
Native extension for WindowsStandalone target not found
Refreshing native plugins compatible for Editor in 0.72 ms, found 1 plugins.
Preloading 0 native plugins for Editor in 0.00 ms.
Can't find custom attr constructor image: F:\Unity\looterShooter\TopDownLooterShooter GitHub\TDLS-Game\Top Down LooterShooter\Library\PackageCache\com.unity.ads@3.4.1\Editor\UnityEditor.Advertisements.dll mtoken: 0x0a00000f due to:  assembly:D:\Program Files\Unity\2020.2.1f1\Editor\Data\Managed\UnityEngine\UnityEngine.CoreModule.dll type:UnityAPICompatibilityVersionAttribute member:void {0}(string,string[]) signature:.ctor
Invoked RoslynAnalysisRunner static constructor.
RoslynAnalysisRunner will not be running.
RoslynAnalysisRunner has terminated.
Mono: successfully reloaded assembly
- Completed reload, in  1.060 seconds
Platform modules already initialized, skipping
Shader 'Universal Render Pipeline/Particles/Lit': fallback shader 'Universal Render Pipeline/Particles/SimpleLit' not found
Refreshing native plugins compatible for Editor in 0.74 ms, found 1 plugins.
Preloading 0 native plugins for Editor in 0.00 ms.
Unloading 3360 Unused Serialized files (Serialized files now loaded: 0)
System memory in use before: 167.4 MB.
System memory in use after: 167.6 MB.

Unloading 29 unused Assets to reduce memory usage. Loaded Objects now: 4104.
Total: 2.946200 ms (FindLiveObjects: 0.513400 ms CreateObjectMapping: 0.159900 ms MarkObjects: 2.225700 ms  DeleteObjects: 0.045600 ms)

========================================================================
Received Prepare
Registering precompiled user dll's ...
Registered in 0.002337 seconds.
Begin MonoManager ReloadAssembly
Native extension for WindowsStandalone target not found
Refreshing native plugins compatible for Editor in 0.84 ms, found 1 plugins.
Preloading 0 native plugins for Editor in 0.00 ms.
Can't find custom attr constructor image: F:\Unity\looterShooter\TopDownLooterShooter GitHub\TDLS-Game\Top Down LooterShooter\Library\PackageCache\com.unity.ads@3.4.1\Editor\UnityEditor.Advertisements.dll mtoken: 0x0a00000f due to:  assembly:D:\Program Files\Unity\2020.2.1f1\Editor\Data\Managed\UnityEngine\UnityEngine.CoreModule.dll type:UnityAPICompatibilityVersionAttribute member:void {0}(string,string[]) signature:.ctor
Invoked RoslynAnalysisRunner static constructor.
RoslynAnalysisRunner will not be running.
RoslynAnalysisRunner has terminated.
Mono: successfully reloaded assembly
- Completed reload, in  1.076 seconds
Platform modules already initialized, skipping
Shader 'Universal Render Pipeline/Particles/Lit': fallback shader 'Universal Render Pipeline/Particles/SimpleLit' not found
Refreshing native plugins compatible for Editor in 0.95 ms, found 1 plugins.
Preloading 0 native plugins for Editor in 0.00 ms.
Unloading 3360 Unused Serialized files (Serialized files now loaded: 0)
System memory in use before: 167.4 MB.
System memory in use after: 167.6 MB.

Unloading 29 unused Assets to reduce memory usage. Loaded Objects now: 4106.
Total: 3.237600 ms (FindLiveObjects: 0.347700 ms CreateObjectMapping: 0.220300 ms MarkObjects: 2.642100 ms  DeleteObjects: 0.026400 ms)

========================================================================
Received Prepare
Registering precompiled user dll's ...
Registered in 0.002272 seconds.
Begin MonoManager ReloadAssembly
Native extension for WindowsStandalone target not found
Refreshing native plugins compatible for Editor in 0.93 ms, found 1 plugins.
Preloading 0 native plugins for Editor in 0.00 ms.
Can't find custom attr constructor image: F:\Unity\looterShooter\TopDownLooterShooter GitHub\TDLS-Game\Top Down LooterShooter\Library\PackageCache\com.unity.ads@3.4.1\Editor\UnityEditor.Advertisements.dll mtoken: 0x0a00000f due to:  assembly:D:\Program Files\Unity\2020.2.1f1\Editor\Data\Managed\UnityEngine\UnityEngine.CoreModule.dll type:UnityAPICompatibilityVersionAttribute member:void {0}(string,string[]) signature:.ctor
Invoked RoslynAnalysisRunner static constructor.
RoslynAnalysisRunner will not be running.
RoslynAnalysisRunner has terminated.
Mono: successfully reloaded assembly
- Completed reload, in  1.051 seconds
Platform modules already initialized, skipping
Shader 'Universal Render Pipeline/Particles/Lit': fallback shader 'Universal Render Pipeline/Particles/SimpleLit' not found
Refreshing native plugins compatible for Editor in 0.89 ms, found 1 plugins.
Preloading 0 native plugins for Editor in 0.00 ms.
Unloading 3360 Unused Serialized files (Serialized files now loaded: 0)
System memory in use before: 167.4 MB.
System memory in use after: 167.6 MB.

Unloading 29 unused Assets to reduce memory usage. Loaded Objects now: 4108.
Total: 3.209700 ms (FindLiveObjects: 0.312400 ms CreateObjectMapping: 0.151800 ms MarkObjects: 2.720800 ms  DeleteObjects: 0.023700 ms)

========================================================================
Received Prepare
Registering precompiled user dll's ...
Registered in 0.002281 seconds.
Begin MonoManager ReloadAssembly
Native extension for WindowsStandalone target not found
Refreshing native plugins compatible for Editor in 0.84 ms, found 1 plugins.
Preloading 0 native plugins for Editor in 0.00 ms.
Can't find custom attr constructor image: F:\Unity\looterShooter\TopDownLooterShooter GitHub\TDLS-Game\Top Down LooterShooter\Library\PackageCache\com.unity.ads@3.4.1\Editor\UnityEditor.Advertisements.dll mtoken: 0x0a00000f due to:  assembly:D:\Program Files\Unity\2020.2.1f1\Editor\Data\Managed\UnityEngine\UnityEngine.CoreModule.dll type:UnityAPICompatibilityVersionAttribute member:void {0}(string,string[]) signature:.ctor
Invoked RoslynAnalysisRunner static constructor.
RoslynAnalysisRunner will not be running.
RoslynAnalysisRunner has terminated.
Mono: successfully reloaded assembly
- Completed reload, in  1.080 seconds
Platform modules already initialized, skipping
Shader 'Universal Render Pipeline/Particles/Lit': fallback shader 'Universal Render Pipeline/Particles/SimpleLit' not found
Refreshing native plugins compatible for Editor in 0.71 ms, found 1 plugins.
Preloading 0 native plugins for Editor in 0.00 ms.
Unloading 3360 Unused Serialized files (Serialized files now loaded: 0)
System memory in use before: 167.4 MB.
System memory in use after: 167.6 MB.

Unloading 29 unused Assets to reduce memory usage. Loaded Objects now: 4110.
Total: 2.677500 ms (FindLiveObjects: 0.431200 ms CreateObjectMapping: 0.189400 ms MarkObjects: 2.034100 ms  DeleteObjects: 0.021900 ms)

========================================================================
Received Prepare
Registering precompiled user dll's ...
Registered in 0.003465 seconds.
Begin MonoManager ReloadAssembly
Native extension for WindowsStandalone target not found
Refreshing native plugins compatible for Editor in 0.84 ms, found 1 plugins.
Preloading 0 native plugins for Editor in 0.00 ms.
Can't find custom attr constructor image: F:\Unity\looterShooter\TopDownLooterShooter GitHub\TDLS-Game\Top Down LooterShooter\Library\PackageCache\com.unity.ads@3.4.1\Editor\UnityEditor.Advertisements.dll mtoken: 0x0a00000f due to:  assembly:D:\Program Files\Unity\2020.2.1f1\Editor\Data\Managed\UnityEngine\UnityEngine.CoreModule.dll type:UnityAPICompatibilityVersionAttribute member:void {0}(string,string[]) signature:.ctor
Invoked RoslynAnalysisRunner static constructor.
RoslynAnalysisRunner will not be running.
RoslynAnalysisRunner has terminated.
Mono: successfully reloaded assembly
- Completed reload, in  1.120 seconds
Platform modules already initialized, skipping
Shader 'Universal Render Pipeline/Particles/Lit': fallback shader 'Universal Render Pipeline/Particles/SimpleLit' not found
Refreshing native plugins compatible for Editor in 0.73 ms, found 1 plugins.
Preloading 0 native plugins for Editor in 0.00 ms.
Unloading 3360 Unused Serialized files (Serialized files now loaded: 0)
System memory in use before: 167.4 MB.
System memory in use after: 167.6 MB.

Unloading 29 unused Assets to reduce memory usage. Loaded Objects now: 4112.
Total: 2.672400 ms (FindLiveObjects: 0.347500 ms CreateObjectMapping: 0.172800 ms MarkObjects: 2.121700 ms  DeleteObjects: 0.029100 ms)

========================================================================
Received Prepare
Registering precompiled user dll's ...
Registered in 0.002246 seconds.
Begin MonoManager ReloadAssembly
Native extension for WindowsStandalone target not found
Refreshing native plugins compatible for Editor in 1.87 ms, found 1 plugins.
Preloading 0 native plugins for Editor in 0.00 ms.
Can't find custom attr constructor image: F:\Unity\looterShooter\TopDownLooterShooter GitHub\TDLS-Game\Top Down LooterShooter\Library\PackageCache\com.unity.ads@3.4.1\Editor\UnityEditor.Advertisements.dll mtoken: 0x0a00000f due to:  assembly:D:\Program Files\Unity\2020.2.1f1\Editor\Data\Managed\UnityEngine\UnityEngine.CoreModule.dll type:UnityAPICompatibilityVersionAttribute member:void {0}(string,string[]) signature:.ctor
Invoked RoslynAnalysisRunner static constructor.
RoslynAnalysisRunner will not be running.
RoslynAnalysisRunner has terminated.
Mono: successfully reloaded assembly
- Completed reload, in  1.059 seconds
Platform modules already initialized, skipping
Shader 'Universal Render Pipeline/Particles/Lit': fallback shader 'Universal Render Pipeline/Particles/SimpleLit' not found
Refreshing native plugins compatible for Editor in 0.72 ms, found 1 plugins.
Preloading 0 native plugins for Editor in 0.00 ms.
Unloading 3360 Unused Serialized files (Serialized files now loaded: 0)
System memory in use before: 167.4 MB.
System memory in use after: 167.6 MB.

Unloading 29 unused Assets to reduce memory usage. Loaded Objects now: 4114.
Total: 4.423300 ms (FindLiveObjects: 0.385100 ms CreateObjectMapping: 1.702100 ms MarkObjects: 2.314300 ms  DeleteObjects: 0.020600 ms)

========================================================================
Received Prepare
Registering precompiled user dll's ...
Registered in 0.002261 seconds.
Begin MonoManager ReloadAssembly
Native extension for WindowsStandalone target not found
Refreshing native plugins compatible for Editor in 0.71 ms, found 1 plugins.
Preloading 0 native plugins for Editor in 0.00 ms.
Can't find custom attr constructor image: F:\Unity\looterShooter\TopDownLooterShooter GitHub\TDLS-Game\Top Down LooterShooter\Library\PackageCache\com.unity.ads@3.4.1\Editor\UnityEditor.Advertisements.dll mtoken: 0x0a00000f due to:  assembly:D:\Program Files\Unity\2020.2.1f1\Editor\Data\Managed\UnityEngine\UnityEngine.CoreModule.dll type:UnityAPICompatibilityVersionAttribute member:void {0}(string,string[]) signature:.ctor
Invoked RoslynAnalysisRunner static constructor.
RoslynAnalysisRunner will not be running.
RoslynAnalysisRunner has terminated.
Mono: successfully reloaded assembly
- Completed reload, in  0.987 seconds
Platform modules already initialized, skipping
Shader 'Universal Render Pipeline/Particles/Lit': fallback shader 'Universal Render Pipeline/Particles/SimpleLit' not found
Refreshing native plugins compatible for Editor in 0.72 ms, found 1 plugins.
Preloading 0 native plugins for Editor in 0.00 ms.
Unloading 3360 Unused Serialized files (Serialized files now loaded: 0)
System memory in use before: 167.4 MB.
System memory in use after: 167.6 MB.

Unloading 29 unused Assets to reduce memory usage. Loaded Objects now: 4116.
Total: 2.767000 ms (FindLiveObjects: 0.490400 ms CreateObjectMapping: 0.216800 ms MarkObjects: 2.036800 ms  DeleteObjects: 0.021600 ms)

========================================================================
Received Prepare
Registering precompiled user dll's ...
Registered in 0.002438 seconds.
Begin MonoManager ReloadAssembly
Native extension for WindowsStandalone target not found
Refreshing native plugins compatible for Editor in 0.78 ms, found 1 plugins.
Preloading 0 native plugins for Editor in 0.00 ms.
Can't find custom attr constructor image: F:\Unity\looterShooter\TopDownLooterShooter GitHub\TDLS-Game\Top Down LooterShooter\Library\PackageCache\com.unity.ads@3.4.1\Editor\UnityEditor.Advertisements.dll mtoken: 0x0a00000f due to:  assembly:D:\Program Files\Unity\2020.2.1f1\Editor\Data\Managed\UnityEngine\UnityEngine.CoreModule.dll type:UnityAPICompatibilityVersionAttribute member:void {0}(string,string[]) signature:.ctor
Invoked RoslynAnalysisRunner static constructor.
RoslynAnalysisRunner will not be running.
RoslynAnalysisRunner has terminated.
Mono: successfully reloaded assembly
- Completed reload, in  1.049 seconds
Platform modules already initialized, skipping
Shader 'Universal Render Pipeline/Particles/Lit': fallback shader 'Universal Render Pipeline/Particles/SimpleLit' not found
Refreshing native plugins compatible for Editor in 0.76 ms, found 1 plugins.
Preloading 0 native plugins for Editor in 0.00 ms.
Unloading 3360 Unused Serialized files (Serialized files now loaded: 0)
System memory in use before: 167.4 MB.
System memory in use after: 167.6 MB.

Unloading 29 unused Assets to reduce memory usage. Loaded Objects now: 4118.
Total: 2.949000 ms (FindLiveObjects: 0.455400 ms CreateObjectMapping: 0.223200 ms MarkObjects: 2.247100 ms  DeleteObjects: 0.021700 ms)

========================================================================
Received Prepare
Registering precompiled user dll's ...
Registered in 0.002417 seconds.
Begin MonoManager ReloadAssembly
Native extension for WindowsStandalone target not found
Refreshing native plugins compatible for Editor in 0.77 ms, found 1 plugins.
Preloading 0 native plugins for Editor in 0.00 ms.
Can't find custom attr constructor image: F:\Unity\looterShooter\TopDownLooterShooter GitHub\TDLS-Game\Top Down LooterShooter\Library\PackageCache\com.unity.ads@3.4.1\Editor\UnityEditor.Advertisements.dll mtoken: 0x0a00000f due to:  assembly:D:\Program Files\Unity\2020.2.1f1\Editor\Data\Managed\UnityEngine\UnityEngine.CoreModule.dll type:UnityAPICompatibilityVersionAttribute member:void {0}(string,string[]) signature:.ctor
Invoked RoslynAnalysisRunner static constructor.
RoslynAnalysisRunner will not be running.
RoslynAnalysisRunner has terminated.
Mono: successfully reloaded assembly
- Completed reload, in  1.001 seconds
Platform modules already initialized, skipping
Shader 'Universal Render Pipeline/Particles/Lit': fallback shader 'Universal Render Pipeline/Particles/SimpleLit' not found
Refreshing native plugins compatible for Editor in 0.72 ms, found 1 plugins.
Preloading 0 native plugins for Editor in 0.00 ms.
Unloading 3360 Unused Serialized files (Serialized files now loaded: 0)
System memory in use before: 167.4 MB.
System memory in use after: 167.6 MB.

Unloading 29 unused Assets to reduce memory usage. Loaded Objects now: 4120.
Total: 2.495500 ms (FindLiveObjects: 0.349300 ms CreateObjectMapping: 0.188100 ms MarkObjects: 1.937000 ms  DeleteObjects: 0.020000 ms)

========================================================================
Received Prepare
Registering precompiled user dll's ...
Registered in 0.002355 seconds.
Begin MonoManager ReloadAssembly
Native extension for WindowsStandalone target not found
Refreshing native plugins compatible for Editor in 1.33 ms, found 1 plugins.
Preloading 0 native plugins for Editor in 0.00 ms.
Can't find custom attr constructor image: F:\Unity\looterShooter\TopDownLooterShooter GitHub\TDLS-Game\Top Down LooterShooter\Library\PackageCache\com.unity.ads@3.4.1\Editor\UnityEditor.Advertisements.dll mtoken: 0x0a00000f due to:  assembly:D:\Program Files\Unity\2020.2.1f1\Editor\Data\Managed\UnityEngine\UnityEngine.CoreModule.dll type:UnityAPICompatibilityVersionAttribute member:void {0}(string,string[]) signature:.ctor
Invoked RoslynAnalysisRunner static constructor.
RoslynAnalysisRunner will not be running.
RoslynAnalysisRunner has terminated.
Mono: successfully reloaded assembly
- Completed reload, in  1.008 seconds
Platform modules already initialized, skipping
Shader 'Universal Render Pipeline/Particles/Lit': fallback shader 'Universal Render Pipeline/Particles/SimpleLit' not found
Refreshing native plugins compatible for Editor in 0.75 ms, found 1 plugins.
Preloading 0 native plugins for Editor in 0.00 ms.
Unloading 3360 Unused Serialized files (Serialized files now loaded: 0)
System memory in use before: 167.4 MB.
System memory in use after: 167.7 MB.

Unloading 29 unused Assets to reduce memory usage. Loaded Objects now: 4122.
Total: 2.530600 ms (FindLiveObjects: 0.410200 ms CreateObjectMapping: 0.190900 ms MarkObjects: 1.909000 ms  DeleteObjects: 0.019500 ms)

========================================================================
Received Prepare
Registering precompiled user dll's ...
Registered in 0.002343 seconds.
Begin MonoManager ReloadAssembly
Native extension for WindowsStandalone target not found
Refreshing native plugins compatible for Editor in 0.73 ms, found 1 plugins.
Preloading 0 native plugins for Editor in 0.00 ms.
Can't find custom attr constructor image: F:\Unity\looterShooter\TopDownLooterShooter GitHub\TDLS-Game\Top Down LooterShooter\Library\PackageCache\com.unity.ads@3.4.1\Editor\UnityEditor.Advertisements.dll mtoken: 0x0a00000f due to:  assembly:D:\Program Files\Unity\2020.2.1f1\Editor\Data\Managed\UnityEngine\UnityEngine.CoreModule.dll type:UnityAPICompatibilityVersionAttribute member:void {0}(string,string[]) signature:.ctor
Invoked RoslynAnalysisRunner static constructor.
RoslynAnalysisRunner will not be running.
RoslynAnalysisRunner has terminated.
Mono: successfully reloaded assembly
- Completed reload, in  0.977 seconds
Platform modules already initialized, skipping
Shader 'Universal Render Pipeline/Particles/Lit': fallback shader 'Universal Render Pipeline/Particles/SimpleLit' not found
Refreshing native plugins compatible for Editor in 0.72 ms, found 1 plugins.
Preloading 0 native plugins for Editor in 0.00 ms.
Unloading 3360 Unused Serialized files (Serialized files now loaded: 0)
System memory in use before: 167.4 MB.
System memory in use after: 167.7 MB.

Unloading 29 unused Assets to reduce memory usage. Loaded Objects now: 4124.
Total: 4.658100 ms (FindLiveObjects: 0.672200 ms CreateObjectMapping: 0.345200 ms MarkObjects: 3.602700 ms  DeleteObjects: 0.035700 ms)

========================================================================
Received Prepare
Registering precompiled user dll's ...
Registered in 0.002272 seconds.
Begin MonoManager ReloadAssembly
Native extension for WindowsStandalone target not found
Refreshing native plugins compatible for Editor in 0.72 ms, found 1 plugins.
Preloading 0 native plugins for Editor in 0.00 ms.
Can't find custom attr constructor image: F:\Unity\looterShooter\TopDownLooterShooter GitHub\TDLS-Game\Top Down LooterShooter\Library\PackageCache\com.unity.ads@3.4.1\Editor\UnityEditor.Advertisements.dll mtoken: 0x0a00000f due to:  assembly:D:\Program Files\Unity\2020.2.1f1\Editor\Data\Managed\UnityEngine\UnityEngine.CoreModule.dll type:UnityAPICompatibilityVersionAttribute member:void {0}(string,string[]) signature:.ctor
Invoked RoslynAnalysisRunner static constructor.
RoslynAnalysisRunner will not be running.
RoslynAnalysisRunner has terminated.
Mono: successfully reloaded assembly
- Completed reload, in  0.986 seconds
Platform modules already initialized, skipping
Shader 'Universal Render Pipeline/Particles/Lit': fallback shader 'Universal Render Pipeline/Particles/SimpleLit' not found
Refreshing native plugins compatible for Editor in 1.04 ms, found 1 plugins.
Preloading 0 native plugins for Editor in 0.00 ms.
Unloading 3360 Unused Serialized files (Serialized files now loaded: 0)
System memory in use before: 167.4 MB.
System memory in use after: 167.7 MB.

Unloading 29 unused Assets to reduce memory usage. Loaded Objects now: 4126.
Total: 2.779600 ms (FindLiveObjects: 0.372000 ms CreateObjectMapping: 0.184700 ms MarkObjects: 2.202000 ms  DeleteObjects: 0.019800 ms)

========================================================================
Received Prepare
Registering precompiled user dll's ...
Registered in 0.002327 seconds.
Begin MonoManager ReloadAssembly
Native extension for WindowsStandalone target not found
Refreshing native plugins compatible for Editor in 0.71 ms, found 1 plugins.
Preloading 0 native plugins for Editor in 0.00 ms.
Can't find custom attr constructor image: F:\Unity\looterShooter\TopDownLooterShooter GitHub\TDLS-Game\Top Down LooterShooter\Library\PackageCache\com.unity.ads@3.4.1\Editor\UnityEditor.Advertisements.dll mtoken: 0x0a00000f due to:  assembly:D:\Program Files\Unity\2020.2.1f1\Editor\Data\Managed\UnityEngine\UnityEngine.CoreModule.dll type:UnityAPICompatibilityVersionAttribute member:void {0}(string,string[]) signature:.ctor
Invoked RoslynAnalysisRunner static constructor.
RoslynAnalysisRunner will not be running.
RoslynAnalysisRunner has terminated.
Mono: successfully reloaded assembly
- Completed reload, in  1.154 seconds
Platform modules already initialized, skipping
Shader 'Universal Render Pipeline/Particles/Lit': fallback shader 'Universal Render Pipeline/Particles/SimpleLit' not found
Refreshing native plugins compatible for Editor in 0.81 ms, found 1 plugins.
Preloading 0 native plugins for Editor in 0.00 ms.
Unloading 3360 Unused Serialized files (Serialized files now loaded: 0)
System memory in use before: 167.4 MB.
System memory in use after: 167.7 MB.

Unloading 29 unused Assets to reduce memory usage. Loaded Objects now: 4128.
Total: 2.591300 ms (FindLiveObjects: 0.368700 ms CreateObjectMapping: 0.160600 ms MarkObjects: 2.035800 ms  DeleteObjects: 0.024300 ms)

