Using pre-set license
Built from '2020.2/release' branch; Version is '2020.2.1f1 (270dd8c3da1c) revision 2559448'; Using compiler version '192528614'; Build Type 'Release'
OS: 'Windows 10  (10.0.0) 64bit' Language: 'en' Physical Memory: 32702 MB
BatchMode: 1, IsHumanControllingUs: 0, StartBugReporterOnCrash: 0, Is64bit: 1, IsPro: 0

 COMMAND LINE ARGUMENTS:
D:\Program Files\Unity\2020.2.1f1\Editor\Unity.exe
-adb2
-batchMode
-noUpm
-name
AssetImportWorker0
-projectPath
F:/Unity/looterShooter/TopDownLooterShooter GitHub/TDLS-Game/Top Down LooterShooter
-logFile
Logs/AssetImportWorker0.log
-srvPort
59534
Successfully changed project path to: F:/Unity/looterShooter/TopDownLooterShooter GitHub/TDLS-Game/Top Down LooterShooter
F:/Unity/looterShooter/TopDownLooterShooter GitHub/TDLS-Game/Top Down LooterShooter
Using Asset Import Pipeline V2.
Refreshing native plugins compatible for Editor in 64.99 ms, found 1 plugins.
Preloading 0 native plugins for Editor in 0.00 ms.
Initialize engine version: 2020.2.1f1 (270dd8c3da1c)
[Subsystems] Discovering subsystems at path D:/Program Files/Unity/2020.2.1f1/Editor/Data/Resources/UnitySubsystems
[Subsystems] Discovering subsystems at path F:/Unity/looterShooter/TopDownLooterShooter GitHub/TDLS-Game/Top Down LooterShooter/Assets
GfxDevice: creating device client; threaded=0
Direct3D:
    Version:  Direct3D 11.0 [level 11.1]
    Renderer: NVIDIA GeForce GTX 1080 (ID=0x1b80)
    Vendor:   
    VRAM:     8079 MB
    Driver:   31.0.15.1640
Shader 'Universal Render Pipeline/Particles/Lit': fallback shader 'Universal Render Pipeline/Particles/SimpleLit' not found
Initialize mono
Mono path[0] = 'D:/Program Files/Unity/2020.2.1f1/Editor/Data/Managed'
Mono path[1] = 'D:/Program Files/Unity/2020.2.1f1/Editor/Data/MonoBleedingEdge/lib/mono/unityjit'
Mono config path = 'D:/Program Files/Unity/2020.2.1f1/Editor/Data/MonoBleedingEdge/etc'
Using monoOptions --debugger-agent=transport=dt_socket,embedding=1,server=y,suspend=n,address=127.0.0.1:56408
Begin MonoManager ReloadAssembly
Registering precompiled unity dll's ...
Register platform support module: D:/Program Files/Unity/2020.2.1f1/Editor/Data/PlaybackEngines/WindowsStandaloneSupport/UnityEditor.WindowsStandalone.Extensions.dll
Registered in 0.000988 seconds.
Native extension for WindowsStandalone target not found
Refreshing native plugins compatible for Editor in 63.21 ms, found 1 plugins.
Preloading 0 native plugins for Editor in 0.00 ms.
Invoked RoslynAnalysisRunner static constructor.
RoslynAnalysisRunner will not be running.
RoslynAnalysisRunner has terminated.
Mono: successfully reloaded assembly
- Completed reload, in  2.008 seconds
Platform modules already initialized, skipping
Registering precompiled user dll's ...
Registered in 0.002279 seconds.
Begin MonoManager ReloadAssembly
Native extension for WindowsStandalone target not found
Refreshing native plugins compatible for Editor in 62.85 ms, found 1 plugins.
Preloading 0 native plugins for Editor in 0.00 ms.
Can't find custom attr constructor image: F:\Unity\looterShooter\TopDownLooterShooter GitHub\TDLS-Game\Top Down LooterShooter\Library\PackageCache\com.unity.ads@3.4.1\Editor\UnityEditor.Advertisements.dll mtoken: 0x0a00000f due to:  assembly:D:\Program Files\Unity\2020.2.1f1\Editor\Data\Managed\UnityEngine\UnityEngine.CoreModule.dll type:UnityAPICompatibilityVersionAttribute member:void {0}(string,string[]) signature:.ctor
Invoked RoslynAnalysisRunner static constructor.
RoslynAnalysisRunner will not be running.
RoslynAnalysisRunner has terminated.
Mono: successfully reloaded assembly
- Completed reload, in  0.944 seconds
Platform modules already initialized, skipping
========================================================================
Worker process is ready to serve import requests
Shader 'Universal Render Pipeline/Particles/Lit': fallback shader 'Universal Render Pipeline/Particles/SimpleLit' not found
Launched and connected shader compiler UnityShaderCompiler.exe after 0.05 seconds
Refreshing native plugins compatible for Editor in 0.69 ms, found 1 plugins.
Preloading 0 native plugins for Editor in 0.00 ms.
Unloading 3504 Unused Serialized files (Serialized files now loaded: 0)
System memory in use before: 166.0 MB.
System memory in use after: 166.2 MB.

Unloading 39 unused Assets to reduce memory usage. Loaded Objects now: 3957.
Total: 2.680800 ms (FindLiveObjects: 0.488200 ms CreateObjectMapping: 0.213900 ms MarkObjects: 1.950500 ms  DeleteObjects: 0.027100 ms)

========================================================================
Received Import Request.
  path: Assets/pfabs/Player.prefab
  artifactKey: Guid(20d0dc7d8a1632944b8ac696b84e5e5d) Importer(815301076,1909f56bfc062723c751e8b465ee728b)
Start importing Assets/pfabs/Player.prefab using Guid(20d0dc7d8a1632944b8ac696b84e5e5d) Importer(815301076,1909f56bfc062723c751e8b465ee728b)  -> (artifact id: '4dea868babe492b0077b1001cc407cb4') in 0.188812 seconds
  Import took 0.195420 seconds .

========================================================================
Received Import Request.
  Time since last request: 0.000205 seconds.
  path: Assets/Player.prefab
  artifactKey: Guid(677597afb1e50554f91195d557eec86a) Importer(815301076,1909f56bfc062723c751e8b465ee728b)
Start importing Assets/Player.prefab using Guid(677597afb1e50554f91195d557eec86a) Importer(815301076,1909f56bfc062723c751e8b465ee728b)  -> (artifact id: '2ede0815de837c51818ce8738f0d3200') in 0.023004 seconds
  Import took 0.028413 seconds .

========================================================================
Received Prepare
Registering precompiled user dll's ...
Registered in 0.002782 seconds.
Begin MonoManager ReloadAssembly
Native extension for WindowsStandalone target not found
Refreshing native plugins compatible for Editor in 0.75 ms, found 1 plugins.
Preloading 0 native plugins for Editor in 0.00 ms.
Can't find custom attr constructor image: F:\Unity\looterShooter\TopDownLooterShooter GitHub\TDLS-Game\Top Down LooterShooter\Library\PackageCache\com.unity.ads@3.4.1\Editor\UnityEditor.Advertisements.dll mtoken: 0x0a00000f due to:  assembly:D:\Program Files\Unity\2020.2.1f1\Editor\Data\Managed\UnityEngine\UnityEngine.CoreModule.dll type:UnityAPICompatibilityVersionAttribute member:void {0}(string,string[]) signature:.ctor
Invoked RoslynAnalysisRunner static constructor.
RoslynAnalysisRunner will not be running.
RoslynAnalysisRunner has terminated.
Mono: successfully reloaded assembly
- Completed reload, in  0.894 seconds
Platform modules already initialized, skipping
Shader 'Universal Render Pipeline/Particles/Lit': fallback shader 'Universal Render Pipeline/Particles/SimpleLit' not found
Refreshing native plugins compatible for Editor in 0.73 ms, found 1 plugins.
Preloading 0 native plugins for Editor in 0.00 ms.
Unloading 3360 Unused Serialized files (Serialized files now loaded: 0)
System memory in use before: 165.7 MB.
System memory in use after: 165.9 MB.

Unloading 29 unused Assets to reduce memory usage. Loaded Objects now: 4004.
Total: 2.425000 ms (FindLiveObjects: 0.485100 ms CreateObjectMapping: 0.143900 ms MarkObjects: 1.773400 ms  DeleteObjects: 0.021300 ms)

========================================================================
Received Import Request.
  Time since last request: 333.169007 seconds.
  path: Assets/pfabs/AmmoBuff.prefab
  artifactKey: Guid(1e68a7678dc171c4785e0c522113ed74) Importer(815301076,1909f56bfc062723c751e8b465ee728b)
Start importing Assets/pfabs/AmmoBuff.prefab using Guid(1e68a7678dc171c4785e0c522113ed74) Importer(815301076,1909f56bfc062723c751e8b465ee728b)  -> (artifact id: '96de5add09d46d0455c7a271ee93d289') in 0.129566 seconds
  Import took 0.135796 seconds .

========================================================================
Received Import Request.
  Time since last request: 9.556396 seconds.
  path: Assets/pfabs/Enemy/Anemonie.prefab
  artifactKey: Guid(0fa8801b66c5cad40945781d262c81c5) Importer(815301076,1909f56bfc062723c751e8b465ee728b)
Start importing Assets/pfabs/Enemy/Anemonie.prefab using Guid(0fa8801b66c5cad40945781d262c81c5) Importer(815301076,1909f56bfc062723c751e8b465ee728b)  -> (artifact id: '0e79f6ffb4baaba2d6e2c250ccb0f256') in 0.023860 seconds
  Import took 0.029384 seconds .

========================================================================
Received Prepare
Registering precompiled user dll's ...
Registered in 0.002253 seconds.
Begin MonoManager ReloadAssembly
Native extension for WindowsStandalone target not found
Refreshing native plugins compatible for Editor in 0.74 ms, found 1 plugins.
Preloading 0 native plugins for Editor in 0.00 ms.
Can't find custom attr constructor image: F:\Unity\looterShooter\TopDownLooterShooter GitHub\TDLS-Game\Top Down LooterShooter\Library\PackageCache\com.unity.ads@3.4.1\Editor\UnityEditor.Advertisements.dll mtoken: 0x0a00000f due to:  assembly:D:\Program Files\Unity\2020.2.1f1\Editor\Data\Managed\UnityEngine\UnityEngine.CoreModule.dll type:UnityAPICompatibilityVersionAttribute member:void {0}(string,string[]) signature:.ctor
Invoked RoslynAnalysisRunner static constructor.
RoslynAnalysisRunner will not be running.
RoslynAnalysisRunner has terminated.
Mono: successfully reloaded assembly
- Completed reload, in  0.909 seconds
Platform modules already initialized, skipping
Shader 'Universal Render Pipeline/Particles/Lit': fallback shader 'Universal Render Pipeline/Particles/SimpleLit' not found
Refreshing native plugins compatible for Editor in 0.72 ms, found 1 plugins.
Preloading 0 native plugins for Editor in 0.00 ms.
Unloading 3361 Unused Serialized files (Serialized files now loaded: 0)
System memory in use before: 166.9 MB.
System memory in use after: 167.2 MB.

Unloading 31 unused Assets to reduce memory usage. Loaded Objects now: 4042.
Total: 2.274800 ms (FindLiveObjects: 0.305600 ms CreateObjectMapping: 0.163500 ms MarkObjects: 1.767200 ms  DeleteObjects: 0.037800 ms)

========================================================================
Received Prepare
Registering precompiled user dll's ...
Registered in 0.003988 seconds.
Begin MonoManager ReloadAssembly
Native extension for WindowsStandalone target not found
Refreshing native plugins compatible for Editor in 0.70 ms, found 1 plugins.
Preloading 0 native plugins for Editor in 0.00 ms.
Can't find custom attr constructor image: F:\Unity\looterShooter\TopDownLooterShooter GitHub\TDLS-Game\Top Down LooterShooter\Library\PackageCache\com.unity.ads@3.4.1\Editor\UnityEditor.Advertisements.dll mtoken: 0x0a00000f due to:  assembly:D:\Program Files\Unity\2020.2.1f1\Editor\Data\Managed\UnityEngine\UnityEngine.CoreModule.dll type:UnityAPICompatibilityVersionAttribute member:void {0}(string,string[]) signature:.ctor
Invoked RoslynAnalysisRunner static constructor.
RoslynAnalysisRunner will not be running.
RoslynAnalysisRunner has terminated.
Mono: successfully reloaded assembly
- Completed reload, in  0.887 seconds
Platform modules already initialized, skipping
Shader 'Universal Render Pipeline/Particles/Lit': fallback shader 'Universal Render Pipeline/Particles/SimpleLit' not found
Refreshing native plugins compatible for Editor in 0.75 ms, found 1 plugins.
Preloading 0 native plugins for Editor in 0.00 ms.
Unloading 3361 Unused Serialized files (Serialized files now loaded: 0)
System memory in use before: 167.0 MB.
System memory in use after: 167.2 MB.

Unloading 29 unused Assets to reduce memory usage. Loaded Objects now: 4044.
Total: 2.697800 ms (FindLiveObjects: 0.464800 ms CreateObjectMapping: 0.199600 ms MarkObjects: 2.006200 ms  DeleteObjects: 0.026000 ms)

========================================================================
Received Prepare
Registering precompiled user dll's ...
Registered in 0.002362 seconds.
Begin MonoManager ReloadAssembly
Native extension for WindowsStandalone target not found
Refreshing native plugins compatible for Editor in 0.72 ms, found 1 plugins.
Preloading 0 native plugins for Editor in 0.00 ms.
Can't find custom attr constructor image: F:\Unity\looterShooter\TopDownLooterShooter GitHub\TDLS-Game\Top Down LooterShooter\Library\PackageCache\com.unity.ads@3.4.1\Editor\UnityEditor.Advertisements.dll mtoken: 0x0a00000f due to:  assembly:D:\Program Files\Unity\2020.2.1f1\Editor\Data\Managed\UnityEngine\UnityEngine.CoreModule.dll type:UnityAPICompatibilityVersionAttribute member:void {0}(string,string[]) signature:.ctor
Invoked RoslynAnalysisRunner static constructor.
RoslynAnalysisRunner will not be running.
RoslynAnalysisRunner has terminated.
Mono: successfully reloaded assembly
- Completed reload, in  0.870 seconds
Platform modules already initialized, skipping
Shader 'Universal Render Pipeline/Particles/Lit': fallback shader 'Universal Render Pipeline/Particles/SimpleLit' not found
Refreshing native plugins compatible for Editor in 0.71 ms, found 1 plugins.
Preloading 0 native plugins for Editor in 0.00 ms.
Unloading 3361 Unused Serialized files (Serialized files now loaded: 0)
System memory in use before: 167.0 MB.
System memory in use after: 167.2 MB.

Unloading 29 unused Assets to reduce memory usage. Loaded Objects now: 4046.
Total: 2.617700 ms (FindLiveObjects: 0.374600 ms CreateObjectMapping: 0.217300 ms MarkObjects: 2.004500 ms  DeleteObjects: 0.019900 ms)

========================================================================
Received Import Request.
  Time since last request: 131.890448 seconds.
  path: Assets/pfabs/AmmoBuff.prefab
  artifactKey: Guid(1e68a7678dc171c4785e0c522113ed74) Importer(815301076,1909f56bfc062723c751e8b465ee728b)
Start importing Assets/pfabs/AmmoBuff.prefab using Guid(1e68a7678dc171c4785e0c522113ed74) Importer(815301076,1909f56bfc062723c751e8b465ee728b)  -> (artifact id: 'a93ead5cfd768e1fbb65937d77cc35c9') in 0.128236 seconds
  Import took 0.133996 seconds .

========================================================================
Received Import Request.
  Time since last request: 15.276814 seconds.
  path: Assets/pfabs/AmmoBuff.prefab
  artifactKey: Guid(1e68a7678dc171c4785e0c522113ed74) Importer(815301076,1909f56bfc062723c751e8b465ee728b)
Start importing Assets/pfabs/AmmoBuff.prefab using Guid(1e68a7678dc171c4785e0c522113ed74) Importer(815301076,1909f56bfc062723c751e8b465ee728b)  -> (artifact id: '978a388f328c7f5b769fd0e8938deb5c') in 0.010370 seconds
  Import took 0.015741 seconds .

========================================================================
Received Prepare
Registering precompiled user dll's ...
Registered in 0.002354 seconds.
Begin MonoManager ReloadAssembly
Native extension for WindowsStandalone target not found
Refreshing native plugins compatible for Editor in 0.79 ms, found 1 plugins.
Preloading 0 native plugins for Editor in 0.00 ms.
Can't find custom attr constructor image: F:\Unity\looterShooter\TopDownLooterShooter GitHub\TDLS-Game\Top Down LooterShooter\Library\PackageCache\com.unity.ads@3.4.1\Editor\UnityEditor.Advertisements.dll mtoken: 0x0a00000f due to:  assembly:D:\Program Files\Unity\2020.2.1f1\Editor\Data\Managed\UnityEngine\UnityEngine.CoreModule.dll type:UnityAPICompatibilityVersionAttribute member:void {0}(string,string[]) signature:.ctor
Invoked RoslynAnalysisRunner static constructor.
RoslynAnalysisRunner will not be running.
RoslynAnalysisRunner has terminated.
Mono: successfully reloaded assembly
- Completed reload, in  0.881 seconds
Platform modules already initialized, skipping
Shader 'Universal Render Pipeline/Particles/Lit': fallback shader 'Universal Render Pipeline/Particles/SimpleLit' not found
Refreshing native plugins compatible for Editor in 1.46 ms, found 1 plugins.
Preloading 0 native plugins for Editor in 0.00 ms.
Unloading 3361 Unused Serialized files (Serialized files now loaded: 0)
System memory in use before: 167.1 MB.
System memory in use after: 167.3 MB.

Unloading 31 unused Assets to reduce memory usage. Loaded Objects now: 4084.
Total: 4.376400 ms (FindLiveObjects: 0.607400 ms CreateObjectMapping: 0.290800 ms MarkObjects: 3.412600 ms  DeleteObjects: 0.063800 ms)

========================================================================
Received Prepare
Registering precompiled user dll's ...
Registered in 0.002275 seconds.
Begin MonoManager ReloadAssembly
Native extension for WindowsStandalone target not found
Refreshing native plugins compatible for Editor in 0.71 ms, found 1 plugins.
Preloading 0 native plugins for Editor in 0.00 ms.
Can't find custom attr constructor image: F:\Unity\looterShooter\TopDownLooterShooter GitHub\TDLS-Game\Top Down LooterShooter\Library\PackageCache\com.unity.ads@3.4.1\Editor\UnityEditor.Advertisements.dll mtoken: 0x0a00000f due to:  assembly:D:\Program Files\Unity\2020.2.1f1\Editor\Data\Managed\UnityEngine\UnityEngine.CoreModule.dll type:UnityAPICompatibilityVersionAttribute member:void {0}(string,string[]) signature:.ctor
Invoked RoslynAnalysisRunner static constructor.
RoslynAnalysisRunner will not be running.
RoslynAnalysisRunner has terminated.
Mono: successfully reloaded assembly
- Completed reload, in  0.885 seconds
Platform modules already initialized, skipping
Shader 'Universal Render Pipeline/Particles/Lit': fallback shader 'Universal Render Pipeline/Particles/SimpleLit' not found
Refreshing native plugins compatible for Editor in 0.72 ms, found 1 plugins.
Preloading 0 native plugins for Editor in 0.00 ms.
Unloading 3361 Unused Serialized files (Serialized files now loaded: 0)
System memory in use before: 167.1 MB.
System memory in use after: 167.4 MB.

Unloading 29 unused Assets to reduce memory usage. Loaded Objects now: 4086.
Total: 2.460400 ms (FindLiveObjects: 0.286700 ms CreateObjectMapping: 0.139600 ms MarkObjects: 2.015400 ms  DeleteObjects: 0.017700 ms)

========================================================================
Received Prepare
Registering precompiled user dll's ...
Registered in 0.002751 seconds.
Begin MonoManager ReloadAssembly
Native extension for WindowsStandalone target not found
Refreshing native plugins compatible for Editor in 0.92 ms, found 1 plugins.
Preloading 0 native plugins for Editor in 0.00 ms.
Can't find custom attr constructor image: F:\Unity\looterShooter\TopDownLooterShooter GitHub\TDLS-Game\Top Down LooterShooter\Library\PackageCache\com.unity.ads@3.4.1\Editor\UnityEditor.Advertisements.dll mtoken: 0x0a00000f due to:  assembly:D:\Program Files\Unity\2020.2.1f1\Editor\Data\Managed\UnityEngine\UnityEngine.CoreModule.dll type:UnityAPICompatibilityVersionAttribute member:void {0}(string,string[]) signature:.ctor
Invoked RoslynAnalysisRunner static constructor.
RoslynAnalysisRunner will not be running.
RoslynAnalysisRunner has terminated.
Mono: successfully reloaded assembly
- Completed reload, in  1.153 seconds
Platform modules already initialized, skipping
Shader 'Universal Render Pipeline/Particles/Lit': fallback shader 'Universal Render Pipeline/Particles/SimpleLit' not found
Refreshing native plugins compatible for Editor in 0.85 ms, found 1 plugins.
Preloading 0 native plugins for Editor in 0.00 ms.
Unloading 3361 Unused Serialized files (Serialized files now loaded: 0)
System memory in use before: 167.1 MB.
System memory in use after: 167.4 MB.

Unloading 29 unused Assets to reduce memory usage. Loaded Objects now: 4088.
Total: 4.359000 ms (FindLiveObjects: 0.510000 ms CreateObjectMapping: 0.378800 ms MarkObjects: 3.440700 ms  DeleteObjects: 0.026900 ms)

========================================================================
Received Prepare
Registering precompiled user dll's ...
Registered in 0.002367 seconds.
Begin MonoManager ReloadAssembly
Native extension for WindowsStandalone target not found
Refreshing native plugins compatible for Editor in 0.70 ms, found 1 plugins.
Preloading 0 native plugins for Editor in 0.00 ms.
Can't find custom attr constructor image: F:\Unity\looterShooter\TopDownLooterShooter GitHub\TDLS-Game\Top Down LooterShooter\Library\PackageCache\com.unity.ads@3.4.1\Editor\UnityEditor.Advertisements.dll mtoken: 0x0a00000f due to:  assembly:D:\Program Files\Unity\2020.2.1f1\Editor\Data\Managed\UnityEngine\UnityEngine.CoreModule.dll type:UnityAPICompatibilityVersionAttribute member:void {0}(string,string[]) signature:.ctor
Invoked RoslynAnalysisRunner static constructor.
RoslynAnalysisRunner will not be running.
RoslynAnalysisRunner has terminated.
Mono: successfully reloaded assembly
- Completed reload, in  0.897 seconds
Platform modules already initialized, skipping
Shader 'Universal Render Pipeline/Particles/Lit': fallback shader 'Universal Render Pipeline/Particles/SimpleLit' not found
Refreshing native plugins compatible for Editor in 0.71 ms, found 1 plugins.
Preloading 0 native plugins for Editor in 0.00 ms.
Unloading 3361 Unused Serialized files (Serialized files now loaded: 0)
System memory in use before: 167.1 MB.
System memory in use after: 167.4 MB.

Unloading 29 unused Assets to reduce memory usage. Loaded Objects now: 4090.
Total: 3.663000 ms (FindLiveObjects: 0.518400 ms CreateObjectMapping: 0.263900 ms MarkObjects: 2.855000 ms  DeleteObjects: 0.024300 ms)

========================================================================
Received Prepare
Registering precompiled user dll's ...
Registered in 0.002364 seconds.
Begin MonoManager ReloadAssembly
Native extension for WindowsStandalone target not found
Refreshing native plugins compatible for Editor in 0.75 ms, found 1 plugins.
Preloading 0 native plugins for Editor in 0.00 ms.
Can't find custom attr constructor image: F:\Unity\looterShooter\TopDownLooterShooter GitHub\TDLS-Game\Top Down LooterShooter\Library\PackageCache\com.unity.ads@3.4.1\Editor\UnityEditor.Advertisements.dll mtoken: 0x0a00000f due to:  assembly:D:\Program Files\Unity\2020.2.1f1\Editor\Data\Managed\UnityEngine\UnityEngine.CoreModule.dll type:UnityAPICompatibilityVersionAttribute member:void {0}(string,string[]) signature:.ctor
Invoked RoslynAnalysisRunner static constructor.
RoslynAnalysisRunner will not be running.
RoslynAnalysisRunner has terminated.
Mono: successfully reloaded assembly
- Completed reload, in  0.879 seconds
Platform modules already initialized, skipping
Shader 'Universal Render Pipeline/Particles/Lit': fallback shader 'Universal Render Pipeline/Particles/SimpleLit' not found
Refreshing native plugins compatible for Editor in 0.72 ms, found 1 plugins.
Preloading 0 native plugins for Editor in 0.00 ms.
Unloading 3361 Unused Serialized files (Serialized files now loaded: 0)
System memory in use before: 167.1 MB.
System memory in use after: 167.4 MB.

Unloading 29 unused Assets to reduce memory usage. Loaded Objects now: 4092.
Total: 2.886600 ms (FindLiveObjects: 0.518200 ms CreateObjectMapping: 0.188000 ms MarkObjects: 2.135900 ms  DeleteObjects: 0.042900 ms)

========================================================================
Received Prepare
Registering precompiled user dll's ...
Registered in 0.002277 seconds.
Begin MonoManager ReloadAssembly
Native extension for WindowsStandalone target not found
Refreshing native plugins compatible for Editor in 0.73 ms, found 1 plugins.
Preloading 0 native plugins for Editor in 0.00 ms.
Can't find custom attr constructor image: F:\Unity\looterShooter\TopDownLooterShooter GitHub\TDLS-Game\Top Down LooterShooter\Library\PackageCache\com.unity.ads@3.4.1\Editor\UnityEditor.Advertisements.dll mtoken: 0x0a00000f due to:  assembly:D:\Program Files\Unity\2020.2.1f1\Editor\Data\Managed\UnityEngine\UnityEngine.CoreModule.dll type:UnityAPICompatibilityVersionAttribute member:void {0}(string,string[]) signature:.ctor
Invoked RoslynAnalysisRunner static constructor.
RoslynAnalysisRunner will not be running.
RoslynAnalysisRunner has terminated.
Mono: successfully reloaded assembly
- Completed reload, in  0.889 seconds
Platform modules already initialized, skipping
Shader 'Universal Render Pipeline/Particles/Lit': fallback shader 'Universal Render Pipeline/Particles/SimpleLit' not found
Refreshing native plugins compatible for Editor in 0.72 ms, found 1 plugins.
Preloading 0 native plugins for Editor in 0.00 ms.
Unloading 3361 Unused Serialized files (Serialized files now loaded: 0)
System memory in use before: 167.2 MB.
System memory in use after: 167.4 MB.

Unloading 29 unused Assets to reduce memory usage. Loaded Objects now: 4094.
Total: 2.938600 ms (FindLiveObjects: 0.589700 ms CreateObjectMapping: 0.364300 ms MarkObjects: 1.965700 ms  DeleteObjects: 0.017600 ms)

========================================================================
Received Prepare
Registering precompiled user dll's ...
Registered in 0.003308 seconds.
Begin MonoManager ReloadAssembly
Native extension for WindowsStandalone target not found
Refreshing native plugins compatible for Editor in 0.70 ms, found 1 plugins.
Preloading 0 native plugins for Editor in 0.00 ms.
Can't find custom attr constructor image: F:\Unity\looterShooter\TopDownLooterShooter GitHub\TDLS-Game\Top Down LooterShooter\Library\PackageCache\com.unity.ads@3.4.1\Editor\UnityEditor.Advertisements.dll mtoken: 0x0a00000f due to:  assembly:D:\Program Files\Unity\2020.2.1f1\Editor\Data\Managed\UnityEngine\UnityEngine.CoreModule.dll type:UnityAPICompatibilityVersionAttribute member:void {0}(string,string[]) signature:.ctor
Invoked RoslynAnalysisRunner static constructor.
RoslynAnalysisRunner will not be running.
RoslynAnalysisRunner has terminated.
Mono: successfully reloaded assembly
- Completed reload, in  0.878 seconds
Platform modules already initialized, skipping
Shader 'Universal Render Pipeline/Particles/Lit': fallback shader 'Universal Render Pipeline/Particles/SimpleLit' not found
Refreshing native plugins compatible for Editor in 0.86 ms, found 1 plugins.
Preloading 0 native plugins for Editor in 0.00 ms.
Unloading 3361 Unused Serialized files (Serialized files now loaded: 0)
System memory in use before: 167.2 MB.
System memory in use after: 167.4 MB.

Unloading 29 unused Assets to reduce memory usage. Loaded Objects now: 4096.
Total: 2.348200 ms (FindLiveObjects: 0.367600 ms CreateObjectMapping: 0.185400 ms MarkObjects: 1.777600 ms  DeleteObjects: 0.016700 ms)

========================================================================
Received Import Request.
  Time since last request: 804.523615 seconds.
  path: Assets/pfabs/Enemy/Anemonie.prefab
  artifactKey: Guid(0fa8801b66c5cad40945781d262c81c5) Importer(815301076,1909f56bfc062723c751e8b465ee728b)
Start importing Assets/pfabs/Enemy/Anemonie.prefab using Guid(0fa8801b66c5cad40945781d262c81c5) Importer(815301076,1909f56bfc062723c751e8b465ee728b)  -> (artifact id: '90deaa66f18cbe467dbb71ba3e9934d6') in 0.136826 seconds
  Import took 0.142922 seconds .

========================================================================
Received Prepare
Registering precompiled user dll's ...
Registered in 0.002284 seconds.
Begin MonoManager ReloadAssembly
Native extension for WindowsStandalone target not found
Refreshing native plugins compatible for Editor in 0.71 ms, found 1 plugins.
Preloading 0 native plugins for Editor in 0.00 ms.
Can't find custom attr constructor image: F:\Unity\looterShooter\TopDownLooterShooter GitHub\TDLS-Game\Top Down LooterShooter\Library\PackageCache\com.unity.ads@3.4.1\Editor\UnityEditor.Advertisements.dll mtoken: 0x0a00000f due to:  assembly:D:\Program Files\Unity\2020.2.1f1\Editor\Data\Managed\UnityEngine\UnityEngine.CoreModule.dll type:UnityAPICompatibilityVersionAttribute member:void {0}(string,string[]) signature:.ctor
Invoked RoslynAnalysisRunner static constructor.
RoslynAnalysisRunner will not be running.
RoslynAnalysisRunner has terminated.
Mono: successfully reloaded assembly
- Completed reload, in  0.905 seconds
Platform modules already initialized, skipping
Shader 'Universal Render Pipeline/Particles/Lit': fallback shader 'Universal Render Pipeline/Particles/SimpleLit' not found
Refreshing native plugins compatible for Editor in 0.72 ms, found 1 plugins.
Preloading 0 native plugins for Editor in 0.00 ms.
Unloading 3361 Unused Serialized files (Serialized files now loaded: 0)
System memory in use before: 167.3 MB.
System memory in use after: 167.5 MB.

Unloading 31 unused Assets to reduce memory usage. Loaded Objects now: 4134.
Total: 3.830300 ms (FindLiveObjects: 0.551900 ms CreateObjectMapping: 0.399600 ms MarkObjects: 2.816400 ms  DeleteObjects: 0.061400 ms)

========================================================================
Received Import Request.
  Time since last request: 171.585141 seconds.
  path: Assets/pfabs/Enemy/Anemonie.prefab
  artifactKey: Guid(0fa8801b66c5cad40945781d262c81c5) Importer(815301076,1909f56bfc062723c751e8b465ee728b)
Start importing Assets/pfabs/Enemy/Anemonie.prefab using Guid(0fa8801b66c5cad40945781d262c81c5) Importer(815301076,1909f56bfc062723c751e8b465ee728b)  -> (artifact id: '0a06117f7c3b27efff769b5b6c589238') in 0.151440 seconds
  Import took 0.157852 seconds .

========================================================================
Received Import Request.
  Time since last request: 0.077090 seconds.
  path: Assets/pfabs/Enemy/Anemonie.prefab
  artifactKey: Guid(0fa8801b66c5cad40945781d262c81c5) Importer(815301076,1909f56bfc062723c751e8b465ee728b)
Start importing Assets/pfabs/Enemy/Anemonie.prefab using Guid(0fa8801b66c5cad40945781d262c81c5) Importer(815301076,1909f56bfc062723c751e8b465ee728b)  -> (artifact id: '0a06117f7c3b27efff769b5b6c589238') in 0.016603 seconds
  Import took 0.023129 seconds .

========================================================================
Received Prepare
Registering precompiled user dll's ...
Registered in 0.002280 seconds.
Begin MonoManager ReloadAssembly
Native extension for WindowsStandalone target not found
Refreshing native plugins compatible for Editor in 0.73 ms, found 1 plugins.
Preloading 0 native plugins for Editor in 0.00 ms.
Can't find custom attr constructor image: F:\Unity\looterShooter\TopDownLooterShooter GitHub\TDLS-Game\Top Down LooterShooter\Library\PackageCache\com.unity.ads@3.4.1\Editor\UnityEditor.Advertisements.dll mtoken: 0x0a00000f due to:  assembly:D:\Program Files\Unity\2020.2.1f1\Editor\Data\Managed\UnityEngine\UnityEngine.CoreModule.dll type:UnityAPICompatibilityVersionAttribute member:void {0}(string,string[]) signature:.ctor
Invoked RoslynAnalysisRunner static constructor.
RoslynAnalysisRunner will not be running.
RoslynAnalysisRunner has terminated.
Mono: successfully reloaded assembly
- Completed reload, in  0.920 seconds
Platform modules already initialized, skipping
Shader 'Universal Render Pipeline/Particles/Lit': fallback shader 'Universal Render Pipeline/Particles/SimpleLit' not found
Refreshing native plugins compatible for Editor in 0.75 ms, found 1 plugins.
Preloading 0 native plugins for Editor in 0.00 ms.
Unloading 3361 Unused Serialized files (Serialized files now loaded: 0)
System memory in use before: 167.4 MB.
System memory in use after: 167.6 MB.

Unloading 31 unused Assets to reduce memory usage. Loaded Objects now: 4172.
Total: 3.641100 ms (FindLiveObjects: 0.527400 ms CreateObjectMapping: 0.220300 ms MarkObjects: 2.836700 ms  DeleteObjects: 0.054100 ms)

========================================================================
Received Prepare
Registering precompiled user dll's ...
Registered in 0.002267 seconds.
Begin MonoManager ReloadAssembly
Native extension for WindowsStandalone target not found
Refreshing native plugins compatible for Editor in 0.70 ms, found 1 plugins.
Preloading 0 native plugins for Editor in 0.00 ms.
Can't find custom attr constructor image: F:\Unity\looterShooter\TopDownLooterShooter GitHub\TDLS-Game\Top Down LooterShooter\Library\PackageCache\com.unity.ads@3.4.1\Editor\UnityEditor.Advertisements.dll mtoken: 0x0a00000f due to:  assembly:D:\Program Files\Unity\2020.2.1f1\Editor\Data\Managed\UnityEngine\UnityEngine.CoreModule.dll type:UnityAPICompatibilityVersionAttribute member:void {0}(string,string[]) signature:.ctor
Invoked RoslynAnalysisRunner static constructor.
RoslynAnalysisRunner will not be running.
RoslynAnalysisRunner has terminated.
Mono: successfully reloaded assembly
- Completed reload, in  0.905 seconds
Platform modules already initialized, skipping
Shader 'Universal Render Pipeline/Particles/Lit': fallback shader 'Universal Render Pipeline/Particles/SimpleLit' not found
Refreshing native plugins compatible for Editor in 0.77 ms, found 1 plugins.
Preloading 0 native plugins for Editor in 0.00 ms.
Unloading 3361 Unused Serialized files (Serialized files now loaded: 0)
System memory in use before: 167.4 MB.
System memory in use after: 167.6 MB.

Unloading 29 unused Assets to reduce memory usage. Loaded Objects now: 4174.
Total: 2.828100 ms (FindLiveObjects: 0.419900 ms CreateObjectMapping: 0.199500 ms MarkObjects: 2.181600 ms  DeleteObjects: 0.026000 ms)

========================================================================
Received Import Request.
  Time since last request: 702.704747 seconds.
  path: Assets/pfabs/Enemy/Anemonie.prefab
  artifactKey: Guid(0fa8801b66c5cad40945781d262c81c5) Importer(815301076,1909f56bfc062723c751e8b465ee728b)
Start importing Assets/pfabs/Enemy/Anemonie.prefab using Guid(0fa8801b66c5cad40945781d262c81c5) Importer(815301076,1909f56bfc062723c751e8b465ee728b)  -> (artifact id: '6c72509fc12d212fc91de754936b3632') in 0.158838 seconds
  Import took 0.165706 seconds .

========================================================================
Received Import Request.
  Time since last request: 18.056489 seconds.
  path: Assets/pfabs/AmmoBuff.prefab
  artifactKey: Guid(1e68a7678dc171c4785e0c522113ed74) Importer(815301076,1909f56bfc062723c751e8b465ee728b)
Start importing Assets/pfabs/AmmoBuff.prefab using Guid(1e68a7678dc171c4785e0c522113ed74) Importer(815301076,1909f56bfc062723c751e8b465ee728b)  -> (artifact id: 'cf14f4ce29f268ef3de4516c9ecc697b') in 0.012145 seconds
  Import took 0.018838 seconds .

========================================================================
Received Prepare
Registering precompiled user dll's ...
Registered in 0.002302 seconds.
Begin MonoManager ReloadAssembly
Native extension for WindowsStandalone target not found
Refreshing native plugins compatible for Editor in 0.76 ms, found 1 plugins.
Preloading 0 native plugins for Editor in 0.00 ms.
Can't find custom attr constructor image: F:\Unity\looterShooter\TopDownLooterShooter GitHub\TDLS-Game\Top Down LooterShooter\Library\PackageCache\com.unity.ads@3.4.1\Editor\UnityEditor.Advertisements.dll mtoken: 0x0a00000f due to:  assembly:D:\Program Files\Unity\2020.2.1f1\Editor\Data\Managed\UnityEngine\UnityEngine.CoreModule.dll type:UnityAPICompatibilityVersionAttribute member:void {0}(string,string[]) signature:.ctor
Invoked RoslynAnalysisRunner static constructor.
RoslynAnalysisRunner will not be running.
RoslynAnalysisRunner has terminated.
Mono: successfully reloaded assembly
- Completed reload, in  0.913 seconds
Platform modules already initialized, skipping
Shader 'Universal Render Pipeline/Particles/Lit': fallback shader 'Universal Render Pipeline/Particles/SimpleLit' not found
Refreshing native plugins compatible for Editor in 0.76 ms, found 1 plugins.
Preloading 0 native plugins for Editor in 0.00 ms.
Unloading 3361 Unused Serialized files (Serialized files now loaded: 0)
System memory in use before: 167.5 MB.
System memory in use after: 167.7 MB.

Unloading 31 unused Assets to reduce memory usage. Loaded Objects now: 4212.
Total: 2.598200 ms (FindLiveObjects: 0.431000 ms CreateObjectMapping: 0.146700 ms MarkObjects: 1.979600 ms  DeleteObjects: 0.040000 ms)

========================================================================
Received Prepare
Registering precompiled user dll's ...
Registered in 0.002321 seconds.
Begin MonoManager ReloadAssembly
Native extension for WindowsStandalone target not found
Refreshing native plugins compatible for Editor in 0.79 ms, found 1 plugins.
Preloading 0 native plugins for Editor in 0.00 ms.
Can't find custom attr constructor image: F:\Unity\looterShooter\TopDownLooterShooter GitHub\TDLS-Game\Top Down LooterShooter\Library\PackageCache\com.unity.ads@3.4.1\Editor\UnityEditor.Advertisements.dll mtoken: 0x0a00000f due to:  assembly:D:\Program Files\Unity\2020.2.1f1\Editor\Data\Managed\UnityEngine\UnityEngine.CoreModule.dll type:UnityAPICompatibilityVersionAttribute member:void {0}(string,string[]) signature:.ctor
Invoked RoslynAnalysisRunner static constructor.
RoslynAnalysisRunner will not be running.
RoslynAnalysisRunner has terminated.
Mono: successfully reloaded assembly
- Completed reload, in  0.932 seconds
Platform modules already initialized, skipping
Shader 'Universal Render Pipeline/Particles/Lit': fallback shader 'Universal Render Pipeline/Particles/SimpleLit' not found
Refreshing native plugins compatible for Editor in 0.78 ms, found 1 plugins.
Preloading 0 native plugins for Editor in 0.00 ms.
Unloading 3361 Unused Serialized files (Serialized files now loaded: 0)
System memory in use before: 167.5 MB.
System memory in use after: 167.7 MB.

Unloading 29 unused Assets to reduce memory usage. Loaded Objects now: 4214.
Total: 2.571400 ms (FindLiveObjects: 0.353400 ms CreateObjectMapping: 0.161300 ms MarkObjects: 2.038300 ms  DeleteObjects: 0.017200 ms)

========================================================================
Received Prepare
Registering precompiled user dll's ...
Registered in 0.003229 seconds.
Begin MonoManager ReloadAssembly
Native extension for WindowsStandalone target not found
Refreshing native plugins compatible for Editor in 0.93 ms, found 1 plugins.
Preloading 0 native plugins for Editor in 0.00 ms.
Can't find custom attr constructor image: F:\Unity\looterShooter\TopDownLooterShooter GitHub\TDLS-Game\Top Down LooterShooter\Library\PackageCache\com.unity.ads@3.4.1\Editor\UnityEditor.Advertisements.dll mtoken: 0x0a00000f due to:  assembly:D:\Program Files\Unity\2020.2.1f1\Editor\Data\Managed\UnityEngine\UnityEngine.CoreModule.dll type:UnityAPICompatibilityVersionAttribute member:void {0}(string,string[]) signature:.ctor
Invoked RoslynAnalysisRunner static constructor.
RoslynAnalysisRunner will not be running.
RoslynAnalysisRunner has terminated.
Mono: successfully reloaded assembly
- Completed reload, in  1.089 seconds
Platform modules already initialized, skipping
Shader 'Universal Render Pipeline/Particles/Lit': fallback shader 'Universal Render Pipeline/Particles/SimpleLit' not found
Refreshing native plugins compatible for Editor in 0.80 ms, found 1 plugins.
Preloading 0 native plugins for Editor in 0.00 ms.
Unloading 3361 Unused Serialized files (Serialized files now loaded: 0)
System memory in use before: 167.5 MB.
System memory in use after: 167.7 MB.

Unloading 29 unused Assets to reduce memory usage. Loaded Objects now: 4216.
Total: 3.667900 ms (FindLiveObjects: 0.631600 ms CreateObjectMapping: 0.309000 ms MarkObjects: 2.703700 ms  DeleteObjects: 0.020900 ms)

========================================================================
Received Prepare
Registering precompiled user dll's ...
Registered in 0.003557 seconds.
Begin MonoManager ReloadAssembly
Native extension for WindowsStandalone target not found
Refreshing native plugins compatible for Editor in 0.77 ms, found 1 plugins.
Preloading 0 native plugins for Editor in 0.00 ms.
Can't find custom attr constructor image: F:\Unity\looterShooter\TopDownLooterShooter GitHub\TDLS-Game\Top Down LooterShooter\Library\PackageCache\com.unity.ads@3.4.1\Editor\UnityEditor.Advertisements.dll mtoken: 0x0a00000f due to:  assembly:D:\Program Files\Unity\2020.2.1f1\Editor\Data\Managed\UnityEngine\UnityEngine.CoreModule.dll type:UnityAPICompatibilityVersionAttribute member:void {0}(string,string[]) signature:.ctor
Invoked RoslynAnalysisRunner static constructor.
RoslynAnalysisRunner will not be running.
RoslynAnalysisRunner has terminated.
Mono: successfully reloaded assembly
- Completed reload, in  0.962 seconds
Platform modules already initialized, skipping
Shader 'Universal Render Pipeline/Particles/Lit': fallback shader 'Universal Render Pipeline/Particles/SimpleLit' not found
Refreshing native plugins compatible for Editor in 0.81 ms, found 1 plugins.
Preloading 0 native plugins for Editor in 0.00 ms.
Unloading 3361 Unused Serialized files (Serialized files now loaded: 0)
System memory in use before: 167.5 MB.
System memory in use after: 167.7 MB.

Unloading 29 unused Assets to reduce memory usage. Loaded Objects now: 4218.
Total: 3.018400 ms (FindLiveObjects: 0.309100 ms CreateObjectMapping: 0.142900 ms MarkObjects: 2.544900 ms  DeleteObjects: 0.020200 ms)

========================================================================
Received Import Request.
  Time since last request: 2984.938375 seconds.
  path: Assets/pfabs/Enemy/Anemonie.prefab
  artifactKey: Guid(0fa8801b66c5cad40945781d262c81c5) Importer(815301076,1909f56bfc062723c751e8b465ee728b)
Start importing Assets/pfabs/Enemy/Anemonie.prefab using Guid(0fa8801b66c5cad40945781d262c81c5) Importer(815301076,1909f56bfc062723c751e8b465ee728b)  -> (artifact id: '894b0cc54e358a094c35404eaec28563') in 0.147209 seconds
  Import took 0.155114 seconds .

